"../../../Engine/Plugins/Animation/ACLPlugin/Content/ACLAnimCurveCompressionSettings.uasset" 0
"../../../Engine/Plugins/Animation/ACLPlugin/Content/ACLAnimCurveCompressionSettings.uexp" 1
"../../../Engine/Plugins/Animation/ACLPlugin/Content/ACLAnimBoneCompressionSettings.uasset" 2
"../../../Engine/Plugins/Animation/ACLPlugin/Content/ACLAnimBoneCompressionSettings.uexp" 3
"../../../Engine/Plugins/2D/Paper2D/Content/PlaceholderTextures/DummySpriteTexture.ubulk" 4
"../../../Engine/Plugins/2D/Paper2D/Content/PlaceholderTextures/DummySpriteTexture.uasset" 5
"../../../Engine/Plugins/2D/Paper2D/Content/PlaceholderTextures/DummySpriteTexture.uexp" 6
"../../../Engine/Plugins/2D/Paper2D/Content/DummySprite.uasset" 7
"../../../Engine/Plugins/2D/Paper2D/Content/DummySprite.uexp" 8
"../../../Engine/Plugins/2D/Paper2D/Content/DefaultPaperTerrainMaterial.uasset" 9
"../../../Engine/Plugins/2D/Paper2D/Content/DefaultPaperTerrainMaterial.uexp" 10
"../../../Engine/Content/Animation/DefaultVariableFrameStrippingSettings.uasset" 11
"../../../Engine/Content/Animation/DefaultVariableFrameStrippingSettings.uexp" 12
"../../../Engine/Content/Animation/DefaultRecorderBoneCompression.uasset" 13
"../../../Engine/Content/Animation/DefaultRecorderBoneCompression.uexp" 14
"../../../Engine/Plugins/Animation/ControlRig/Content/Controls/DefaultGizmoLibraryNormalized.uasset" 15
"../../../Engine/Plugins/Animation/ControlRig/Content/Controls/DefaultGizmoLibraryNormalized.uexp" 16
"../../../Engine/Content/EngineSounds/Master.uasset" 17
"../../../Engine/Content/EngineSounds/Master.uexp" 18
"../../../Engine/Content/EngineMaterials/DefaultPhysicalMaterial.uasset" 19
"../../../Engine/Content/EngineMaterials/DefaultPhysicalMaterial.uexp" 20
"../../../Engine/Content/EngineMaterials/DefaultDestructiblePhysicalMaterial.uasset" 21
"../../../Engine/Content/EngineMaterials/DefaultDestructiblePhysicalMaterial.uexp" 22
"../../../Engine/Content/EngineFonts/Faces/DroidSansFallback.uexp" 23
"../../../Engine/Content/EngineFonts/Faces/DroidSansFallback.uasset" 24
"../../../Engine/Content/EngineFonts/Faces/DroidSansFallback.ufont" 25
"../../../Engine/Content/EngineFonts/Faces/DroidSansMono.uexp" 26
"../../../Engine/Content/EngineFonts/Faces/DroidSansMono.uasset" 27
"../../../Engine/Content/EngineFonts/Faces/DroidSansMono.ufont" 28
"../../../Engine/Content/EngineFonts/DroidSansMono.uasset" 29
"../../../Engine/Content/EngineFonts/DroidSansMono.uexp" 30
"../../../Engine/Plugins/Interchange/Runtime/Content/Pipelines/DefaultTexturePipeline.uasset" 31
"../../../Engine/Plugins/Interchange/Runtime/Content/Pipelines/DefaultTexturePipeline.uexp" 32
"../../../Engine/Plugins/Interchange/Runtime/Content/Pipelines/DefaultSceneLevelPipeline.uasset" 33
"../../../Engine/Plugins/Interchange/Runtime/Content/Pipelines/DefaultSceneLevelPipeline.uexp" 34
"../../../Engine/Plugins/Interchange/Runtime/Content/Pipelines/DefaultSceneAssetsPipeline.uasset" 35
"../../../Engine/Plugins/Interchange/Runtime/Content/Pipelines/DefaultSceneAssetsPipeline.uexp" 36
"../../../Engine/Plugins/Interchange/Runtime/Content/Pipelines/DefaultMaterialXPipeline.uasset" 37
"../../../Engine/Plugins/Interchange/Runtime/Content/Pipelines/DefaultMaterialXPipeline.uexp" 38
"../../../Engine/Plugins/Interchange/Runtime/Content/Pipelines/DefaultMaterialPipeline.uasset" 39
"../../../Engine/Plugins/Interchange/Runtime/Content/Pipelines/DefaultMaterialPipeline.uexp" 40
"../../../Engine/Plugins/Interchange/Runtime/Content/Pipelines/DefaultGLTFSceneAssetsPipeline.uasset" 41
"../../../Engine/Plugins/Interchange/Runtime/Content/Pipelines/DefaultGLTFSceneAssetsPipeline.uexp" 42
"../../../Engine/Plugins/Interchange/Runtime/Content/Pipelines/DefaultGLTFPipeline.uasset" 43
"../../../Engine/Plugins/Interchange/Runtime/Content/Pipelines/DefaultGLTFPipeline.uexp" 44
"../../../Engine/Plugins/Interchange/Runtime/Content/Pipelines/DefaultGLTFAssetsPipeline.uasset" 45
"../../../Engine/Plugins/Interchange/Runtime/Content/Pipelines/DefaultGLTFAssetsPipeline.uexp" 46
"../../../Engine/Plugins/Interchange/Runtime/Content/Pipelines/DefaultAssetsPipeline.uasset" 47
"../../../Engine/Plugins/Interchange/Runtime/Content/Pipelines/DefaultAssetsPipeline.uexp" 48
"../../../Engine/Content/MobileResources/HUD/VirtualJoystick_Thumb.uasset" 49
"../../../Engine/Content/MobileResources/HUD/VirtualJoystick_Thumb.uexp" 50
"../../../Engine/Content/MobileResources/HUD/VirtualJoystick_Background.uasset" 51
"../../../Engine/Content/MobileResources/HUD/VirtualJoystick_Background.uexp" 52
"../../../Engine/Content/MobileResources/HUD/DefaultVirtualJoysticks.uasset" 53
"../../../Engine/Content/MobileResources/HUD/DefaultVirtualJoysticks.uexp" 54
"../../../Engine/Content/EngineResources/GradientTexture0.uasset" 55
"../../../Engine/Content/EngineResources/GradientTexture0.uexp" 56
"../../../Engine/Content/EngineResources/Black.uasset" 57
"../../../Engine/Content/EngineResources/Black.uexp" 58
"../../../Engine/Content/EditorResources/S_Actor.ubulk" 59
"../../../Engine/Content/EditorResources/S_Actor.uasset" 60
"../../../Engine/Content/EditorResources/S_Actor.uexp" 61
"../../../Engine/Content/EditorResources/S_Trigger.ubulk" 62
"../../../Engine/Content/EditorResources/S_Trigger.uasset" 63
"../../../Engine/Content/EditorResources/S_Trigger.uexp" 64
"../../../Engine/Content/EditorResources/S_BoxReflectionCapture.uasset" 65
"../../../Engine/Content/EditorResources/S_BoxReflectionCapture.uexp" 66
"../../../Engine/Content/EngineResources/DefaultTexture.ubulk" 67
"../../../Engine/Content/EngineResources/DefaultTexture.uasset" 68
"../../../Engine/Content/EngineResources/DefaultTexture.uexp" 69
"../../../Engine/Content/EditorResources/S_TriggerBox.uasset" 70
"../../../Engine/Content/EditorResources/S_TriggerBox.uexp" 71
"../../../Engine/Content/EditorResources/S_TriggerCapsule.uasset" 72
"../../../Engine/Content/EditorResources/S_TriggerCapsule.uexp" 73
"../../../Engine/Content/EditorResources/S_TriggerSphere.uasset" 74
"../../../Engine/Content/EditorResources/S_TriggerSphere.uexp" 75
"../../../Engine/Content/EngineMeshes/Sphere.ubulk" 76
"../../../Engine/Content/EngineMeshes/Sphere.uasset" 77
"../../../Engine/Content/EngineMeshes/Sphere.uexp" 78
"../../../Engine/Content/Functions/Engine_MaterialFunctions02/WorldPositionOffset/CameraOffset.uasset" 79
"../../../Engine/Content/Functions/Engine_MaterialFunctions02/WorldPositionOffset/CameraOffset.uexp" 80
"../../../Engine/Plugins/Animation/ControlRig/Content/M_Manip.uasset" 81
"../../../Engine/Plugins/Animation/ControlRig/Content/M_Manip.uexp" 82
"../../../Engine/Plugins/NNE/NNEDenoiser/Content/NNEDTOM_Output_Default.uasset" 83
"../../../Engine/Plugins/NNE/NNEDenoiser/Content/NNEDTOM_Output_Default.uexp" 84
"../../../Engine/Plugins/NNE/NNEDenoiser/Content/NNEDTOM_Output_Alpha.uasset" 85
"../../../Engine/Plugins/NNE/NNEDenoiser/Content/NNEDTOM_Output_Alpha.uexp" 86
"../../../Engine/Plugins/NNE/NNEDenoiser/Content/NNEDTIM_ColorAlbedoNormal_Default.uasset" 87
"../../../Engine/Plugins/NNE/NNEDenoiser/Content/NNEDTIM_ColorAlbedoNormal_Default.uexp" 88
"../../../Engine/Plugins/NNE/NNEDenoiser/Content/NNEDTIM_ColorAlbedoNormal_Alpha.uasset" 89
"../../../Engine/Plugins/NNE/NNEDenoiser/Content/NNEDTIM_ColorAlbedoNormal_Alpha.uexp" 90
"../../../Engine/Plugins/NNE/NNEDenoiser/Content/NNEDOM_Output_Default.uasset" 91
"../../../Engine/Plugins/NNE/NNEDenoiser/Content/NNEDOM_Output_Default.uexp" 92
"../../../Engine/Plugins/NNE/NNEDenoiser/Content/NNEDOM_Output_Alpha.uasset" 93
"../../../Engine/Plugins/NNE/NNEDenoiser/Content/NNEDOM_Output_Alpha.uexp" 94
"../../../Engine/Plugins/NNE/NNEDenoiser/Content/NNEDIM_HighQuality_Default.uasset" 95
"../../../Engine/Plugins/NNE/NNEDenoiser/Content/NNEDIM_HighQuality_Default.uexp" 96
"../../../Engine/Plugins/NNE/NNEDenoiser/Content/NNEDIM_HighQuality_Alpha.uasset" 97
"../../../Engine/Plugins/NNE/NNEDenoiser/Content/NNEDIM_HighQuality_Alpha.uexp" 98
"../../../Engine/Plugins/NNE/NNEDenoiser/Content/NNEDIM_ColorAlbedoNormal_Default.uasset" 99
"../../../Engine/Plugins/NNE/NNEDenoiser/Content/NNEDIM_ColorAlbedoNormal_Default.uexp" 100
"../../../Engine/Plugins/NNE/NNEDenoiser/Content/NNEDIM_ColorAlbedoNormal_Alpha.uasset" 101
"../../../Engine/Plugins/NNE/NNEDenoiser/Content/NNEDIM_ColorAlbedoNormal_Alpha.uexp" 102
"../../../Engine/Content/Functions/Engine_MaterialFunctions01/Opacity/CameraDepthFade.uasset" 103
"../../../Engine/Content/Functions/Engine_MaterialFunctions01/Opacity/CameraDepthFade.uexp" 104
"../../../Engine/Content/EngineMaterials/T_Default_Material_Grid_M.ubulk" 105
"../../../Engine/Content/EngineMaterials/T_Default_Material_Grid_M.uasset" 106
"../../../Engine/Content/EngineMaterials/T_Default_Material_Grid_M.uexp" 107
"../../../Engine/Content/EngineMaterials/T_Default_Material_Grid_N.ubulk" 108
"../../../Engine/Content/EngineMaterials/T_Default_Material_Grid_N.uasset" 109
"../../../Engine/Content/EngineMaterials/T_Default_Material_Grid_N.uexp" 110
"../../../Engine/Content/EngineMaterials/WorldGridMaterial.uasset" 111
"../../../Engine/Content/EngineMaterials/WorldGridMaterial.uexp" 112
"../../../Engine/Plugins/Media/MediaPlate/Content/SM_MediaPlateScreen.ubulk" 113
"../../../Engine/Plugins/Media/MediaPlate/Content/SM_MediaPlateScreen.uasset" 114
"../../../Engine/Plugins/Media/MediaPlate/Content/SM_MediaPlateScreen.uexp" 115
"../../../Engine/Content/EngineMaterials/DefaultMaterial.uasset" 116
"../../../Engine/Content/EngineMaterials/DefaultMaterial.uexp" 117
"../../../Engine/Content/BasicShapes/Sphere.ubulk" 118
"../../../Engine/Content/BasicShapes/Sphere.uasset" 119
"../../../Engine/Content/BasicShapes/Sphere.uexp" 120
"../../../Engine/Content/BasicShapes/Plane.ubulk" 121
"../../../Engine/Content/BasicShapes/Plane.uasset" 122
"../../../Engine/Content/BasicShapes/Plane.uexp" 123
"../../../Engine/Content/BasicShapes/Cone.ubulk" 124
"../../../Engine/Content/BasicShapes/Cone.uasset" 125
"../../../Engine/Content/BasicShapes/Cone.uexp" 126
"../../../Engine/Content/EditorMaterials/PreviewShadowIndicator.ubulk" 127
"../../../Engine/Content/EditorMaterials/PreviewShadowIndicator.uasset" 128
"../../../Engine/Content/EditorMaterials/PreviewShadowIndicator.uexp" 129
"../../../Engine/Content/EditorMaterials/PreviewShadowIndicatorMaterial.uasset" 130
"../../../Engine/Content/EditorMaterials/PreviewShadowIndicatorMaterial.uexp" 131
"../../../Engine/Content/EditorMaterials/PhAT_UnselectedMaterial.uasset" 132
"../../../Engine/Content/EditorMaterials/PhAT_UnselectedMaterial.uexp" 133
"../../../Engine/Content/EditorMaterials/PhAT_NoCollisionMaterial.uasset" 134
"../../../Engine/Content/EditorMaterials/PhAT_NoCollisionMaterial.uexp" 135
"../../../Engine/Content/EditorLandscapeResources/SplineEditorMeshMat.uasset" 136
"../../../Engine/Content/EditorLandscapeResources/SplineEditorMeshMat.uexp" 137
"../../../Engine/Content/EditorLandscapeResources/SplineEditorMesh.ubulk" 138
"../../../Engine/Content/EditorLandscapeResources/SplineEditorMesh.uasset" 139
"../../../Engine/Content/EditorLandscapeResources/SplineEditorMesh.uexp" 140
"../../../Engine/Content/EditorLandscapeResources/WhiteSquareTexture.uasset" 141
"../../../Engine/Content/EditorLandscapeResources/WhiteSquareTexture.uexp" 142
"../../../Engine/Content/EditorLandscapeResources/LayerVisMaterial.uasset" 143
"../../../Engine/Content/EditorLandscapeResources/LayerVisMaterial.uexp" 144
"../../../Engine/Content/Functions/Engine_MaterialFunctions02/Utility/BreakOutFloat2Components.uasset" 145
"../../../Engine/Content/Functions/Engine_MaterialFunctions02/Utility/BreakOutFloat2Components.uexp" 146
"../../../Engine/Content/Functions/Engine_MaterialFunctions01/Texturing/ScaleUVsByCenter.uasset" 147
"../../../Engine/Content/Functions/Engine_MaterialFunctions01/Texturing/ScaleUVsByCenter.uexp" 148
"../../../Engine/Content/Functions/Engine_MaterialFunctions02/WorldPositionOffset/LocalPosition.uasset" 149
"../../../Engine/Content/Functions/Engine_MaterialFunctions02/WorldPositionOffset/LocalPosition.uexp" 150
"../../../Engine/Content/EngineMaterials/DefaultDiffuse.ubulk" 151
"../../../Engine/Content/EngineMaterials/DefaultDiffuse.uasset" 152
"../../../Engine/Content/EngineMaterials/DefaultDiffuse.uexp" 153
"../../../Engine/Content/Functions/Engine_MaterialFunctions01/Texturing/TextureCropping.uasset" 154
"../../../Engine/Content/Functions/Engine_MaterialFunctions01/Texturing/TextureCropping.uexp" 155
"../../../Engine/Content/Functions/Engine_MaterialFunctions02/ExampleContent/DebugNumberStrip.uasset" 156
"../../../Engine/Content/Functions/Engine_MaterialFunctions02/ExampleContent/DebugNumberStrip.uexp" 157
"../../../Engine/Content/Functions/Engine_MaterialFunctions01/Debug/DebugIntValues.uasset" 158
"../../../Engine/Content/Functions/Engine_MaterialFunctions01/Debug/DebugIntValues.uexp" 159
"../../../Engine/Content/EditorLandscapeResources/LandscapeLayerUsageMaterial.uasset" 160
"../../../Engine/Content/EditorLandscapeResources/LandscapeLayerUsageMaterial.uexp" 161
"../../../Engine/Content/EditorLandscapeResources/DefaultAlphaTexture.uasset" 162
"../../../Engine/Content/EditorLandscapeResources/DefaultAlphaTexture.uexp" 163
"../../../Engine/Content/EditorLandscapeResources/LandscapeDirtyMaterial.uasset" 164
"../../../Engine/Content/EditorLandscapeResources/LandscapeDirtyMaterial.uexp" 165
"../../../Engine/Plugins/Animation/ControlRig/Content/Controls/ControlRig_Wedge_solid.ubulk" 166
"../../../Engine/Plugins/Animation/ControlRig/Content/Controls/ControlRig_Wedge_solid.uasset" 167
"../../../Engine/Plugins/Animation/ControlRig/Content/Controls/ControlRig_Wedge_solid.uexp" 168
"../../../Engine/Plugins/Animation/ControlRig/Content/Controls/ControlRig_Wedge_3mm.ubulk" 169
"../../../Engine/Plugins/Animation/ControlRig/Content/Controls/ControlRig_Wedge_3mm.uasset" 170
"../../../Engine/Plugins/Animation/ControlRig/Content/Controls/ControlRig_Wedge_3mm.uexp" 171
"../../../Engine/Plugins/Animation/ControlRig/Content/Controls/ControlRig_Wedge_1mm.ubulk" 172
"../../../Engine/Plugins/Animation/ControlRig/Content/Controls/ControlRig_Wedge_1mm.uasset" 173
"../../../Engine/Plugins/Animation/ControlRig/Content/Controls/ControlRig_Wedge_1mm.uexp" 174
"../../../Engine/Plugins/Animation/ControlRig/Content/Controls/ControlRig_Triangle_solid.ubulk" 175
"../../../Engine/Plugins/Animation/ControlRig/Content/Controls/ControlRig_Triangle_solid.uasset" 176
"../../../Engine/Plugins/Animation/ControlRig/Content/Controls/ControlRig_Triangle_solid.uexp" 177
"../../../Engine/Plugins/Animation/ControlRig/Content/Controls/ControlRig_Triangle_3mm.ubulk" 178
"../../../Engine/Plugins/Animation/ControlRig/Content/Controls/ControlRig_Triangle_3mm.uasset" 179
"../../../Engine/Plugins/Animation/ControlRig/Content/Controls/ControlRig_Triangle_3mm.uexp" 180
"../../../Engine/Plugins/Animation/ControlRig/Content/Controls/ControlRig_Triangle_1mm.ubulk" 181
"../../../Engine/Plugins/Animation/ControlRig/Content/Controls/ControlRig_Triangle_1mm.uasset" 182
"../../../Engine/Plugins/Animation/ControlRig/Content/Controls/ControlRig_Triangle_1mm.uexp" 183
"../../../Engine/Plugins/Animation/ControlRig/Content/Controls/ControlRig_Star4_solid.ubulk" 184
"../../../Engine/Plugins/Animation/ControlRig/Content/Controls/ControlRig_Star4_solid.uasset" 185
"../../../Engine/Plugins/Animation/ControlRig/Content/Controls/ControlRig_Star4_solid.uexp" 186
"../../../Engine/Plugins/Animation/ControlRig/Content/Controls/ControlRig_Star4_3mm.ubulk" 187
"../../../Engine/Plugins/Animation/ControlRig/Content/Controls/ControlRig_Star4_3mm.uasset" 188
"../../../Engine/Plugins/Animation/ControlRig/Content/Controls/ControlRig_Star4_3mm.uexp" 189
"../../../Engine/Plugins/Animation/ControlRig/Content/Controls/ControlRig_Star4_1mm.ubulk" 190
"../../../Engine/Plugins/Animation/ControlRig/Content/Controls/ControlRig_Star4_1mm.uasset" 191
"../../../Engine/Plugins/Animation/ControlRig/Content/Controls/ControlRig_Star4_1mm.uexp" 192
"../../../Engine/Plugins/Animation/ControlRig/Content/Controls/ControlRig_Square_solid.ubulk" 193
"../../../Engine/Plugins/Animation/ControlRig/Content/Controls/ControlRig_Square_solid.uasset" 194
"../../../Engine/Plugins/Animation/ControlRig/Content/Controls/ControlRig_Square_solid.uexp" 195
"../../../Engine/Plugins/Animation/ControlRig/Content/Controls/ControlRig_Square_3mm.ubulk" 196
"../../../Engine/Plugins/Animation/ControlRig/Content/Controls/ControlRig_Square_3mm.uasset" 197
"../../../Engine/Plugins/Animation/ControlRig/Content/Controls/ControlRig_Square_3mm.uexp" 198
"../../../Engine/Plugins/Animation/ControlRig/Content/Controls/ControlRig_Square_1mm.ubulk" 199
"../../../Engine/Plugins/Animation/ControlRig/Content/Controls/ControlRig_Square_1mm.uasset" 200
"../../../Engine/Plugins/Animation/ControlRig/Content/Controls/ControlRig_Square_1mm.uexp" 201
"../../../Engine/Plugins/Animation/ControlRig/Content/Controls/ControlRig_Sphere_solid.ubulk" 202
"../../../Engine/Plugins/Animation/ControlRig/Content/Controls/ControlRig_Sphere_solid.uasset" 203
"../../../Engine/Plugins/Animation/ControlRig/Content/Controls/ControlRig_Sphere_solid.uexp" 204
"../../../Engine/Plugins/Animation/ControlRig/Content/Controls/ControlRig_Sphere_3mm.ubulk" 205
"../../../Engine/Plugins/Animation/ControlRig/Content/Controls/ControlRig_Sphere_3mm.uasset" 206
"../../../Engine/Plugins/Animation/ControlRig/Content/Controls/ControlRig_Sphere_3mm.uexp" 207
"../../../Engine/Plugins/Animation/ControlRig/Content/Controls/ControlRig_Sphere_1mm.ubulk" 208
"../../../Engine/Plugins/Animation/ControlRig/Content/Controls/ControlRig_Sphere_1mm.uasset" 209
"../../../Engine/Plugins/Animation/ControlRig/Content/Controls/ControlRig_Sphere_1mm.uexp" 210
"../../../Engine/Plugins/Animation/ControlRig/Content/Controls/ControlRig_RoundedTriangle_solid.ubulk" 211
"../../../Engine/Plugins/Animation/ControlRig/Content/Controls/ControlRig_RoundedTriangle_solid.uasset" 212
"../../../Engine/Plugins/Animation/ControlRig/Content/Controls/ControlRig_RoundedTriangle_solid.uexp" 213
"../../../Engine/Plugins/Animation/ControlRig/Content/Controls/ControlRig_RoundedTriangle_3mm.ubulk" 214
"../../../Engine/Plugins/Animation/ControlRig/Content/Controls/ControlRig_RoundedTriangle_3mm.uasset" 215
"../../../Engine/Plugins/Animation/ControlRig/Content/Controls/ControlRig_RoundedTriangle_3mm.uexp" 216
"../../../Engine/Plugins/Animation/ControlRig/Content/Controls/ControlRig_RoundedTriangle_1mm.ubulk" 217
"../../../Engine/Plugins/Animation/ControlRig/Content/Controls/ControlRig_RoundedTriangle_1mm.uasset" 218
"../../../Engine/Plugins/Animation/ControlRig/Content/Controls/ControlRig_RoundedTriangle_1mm.uexp" 219
"../../../Engine/Plugins/Animation/ControlRig/Content/Controls/ControlRig_RoundedSquare_solid.ubulk" 220
"../../../Engine/Plugins/Animation/ControlRig/Content/Controls/ControlRig_RoundedSquare_solid.uasset" 221
"../../../Engine/Plugins/Animation/ControlRig/Content/Controls/ControlRig_RoundedSquare_solid.uexp" 222
"../../../Engine/Plugins/Animation/ControlRig/Content/Controls/ControlRig_RoundedSquare_3mm.ubulk" 223
"../../../Engine/Plugins/Animation/ControlRig/Content/Controls/ControlRig_RoundedSquare_3mm.uasset" 224
"../../../Engine/Plugins/Animation/ControlRig/Content/Controls/ControlRig_RoundedSquare_3mm.uexp" 225
"../../../Engine/Plugins/Animation/ControlRig/Content/Controls/ControlRig_RoundedSquare_1mm.ubulk" 226
"../../../Engine/Plugins/Animation/ControlRig/Content/Controls/ControlRig_RoundedSquare_1mm.uasset" 227
"../../../Engine/Plugins/Animation/ControlRig/Content/Controls/ControlRig_RoundedSquare_1mm.uexp" 228
"../../../Engine/Plugins/Animation/ControlRig/Content/Controls/ControlRig_QuarterCircle_solid.ubulk" 229
"../../../Engine/Plugins/Animation/ControlRig/Content/Controls/ControlRig_QuarterCircle_solid.uasset" 230
"../../../Engine/Plugins/Animation/ControlRig/Content/Controls/ControlRig_QuarterCircle_solid.uexp" 231
"../../../Engine/Plugins/Animation/ControlRig/Content/Controls/ControlRig_QuarterCircle_3mm.ubulk" 232
"../../../Engine/Plugins/Animation/ControlRig/Content/Controls/ControlRig_QuarterCircle_3mm.uasset" 233
"../../../Engine/Plugins/Animation/ControlRig/Content/Controls/ControlRig_QuarterCircle_3mm.uexp" 234
"../../../Engine/Plugins/Animation/ControlRig/Content/Controls/ControlRig_QuarterCircle_1mm.ubulk" 235
"../../../Engine/Plugins/Animation/ControlRig/Content/Controls/ControlRig_QuarterCircle_1mm.uasset" 236
"../../../Engine/Plugins/Animation/ControlRig/Content/Controls/ControlRig_QuarterCircle_1mm.uexp" 237
"../../../Engine/Plugins/Animation/ControlRig/Content/Controls/ControlRig_Pyramid_solid.ubulk" 238
"../../../Engine/Plugins/Animation/ControlRig/Content/Controls/ControlRig_Pyramid_solid.uasset" 239
"../../../Engine/Plugins/Animation/ControlRig/Content/Controls/ControlRig_Pyramid_solid.uexp" 240
"../../../Engine/Plugins/Animation/ControlRig/Content/Controls/ControlRig_Pyramid_3mm.ubulk" 241
"../../../Engine/Plugins/Animation/ControlRig/Content/Controls/ControlRig_Pyramid_3mm.uasset" 242
"../../../Engine/Plugins/Animation/ControlRig/Content/Controls/ControlRig_Pyramid_3mm.uexp" 243
"../../../Engine/Plugins/Animation/ControlRig/Content/Controls/ControlRig_Pyramid_1mm.ubulk" 244
"../../../Engine/Plugins/Animation/ControlRig/Content/Controls/ControlRig_Pyramid_1mm.uasset" 245
"../../../Engine/Plugins/Animation/ControlRig/Content/Controls/ControlRig_Pyramid_1mm.uexp" 246
"../../../Engine/Plugins/Animation/ControlRig/Content/Controls/ControlRig_Octagon_solid.ubulk" 247
"../../../Engine/Plugins/Animation/ControlRig/Content/Controls/ControlRig_Octagon_solid.uasset" 248
"../../../Engine/Plugins/Animation/ControlRig/Content/Controls/ControlRig_Octagon_solid.uexp" 249
"../../../Engine/Plugins/Animation/ControlRig/Content/Controls/ControlRig_Octagon_3mm.ubulk" 250
"../../../Engine/Plugins/Animation/ControlRig/Content/Controls/ControlRig_Octagon_3mm.uasset" 251
"../../../Engine/Plugins/Animation/ControlRig/Content/Controls/ControlRig_Octagon_3mm.uexp" 252
"../../../Engine/Plugins/Animation/ControlRig/Content/Controls/ControlRig_Octagon_1mm.ubulk" 253
"../../../Engine/Plugins/Animation/ControlRig/Content/Controls/ControlRig_Octagon_1mm.uasset" 254
"../../../Engine/Plugins/Animation/ControlRig/Content/Controls/ControlRig_Octagon_1mm.uexp" 255
"../../../Engine/Plugins/Animation/ControlRig/Content/Controls/ControlRig_Hexagon_solid.ubulk" 256
"../../../Engine/Plugins/Animation/ControlRig/Content/Controls/ControlRig_Hexagon_solid.uasset" 257
"../../../Engine/Plugins/Animation/ControlRig/Content/Controls/ControlRig_Hexagon_solid.uexp" 258
"../../../Engine/Plugins/Animation/ControlRig/Content/Controls/ControlRig_Hexagon_3mm.ubulk" 259
"../../../Engine/Plugins/Animation/ControlRig/Content/Controls/ControlRig_Hexagon_3mm.uasset" 260
"../../../Engine/Plugins/Animation/ControlRig/Content/Controls/ControlRig_Hexagon_3mm.uexp" 261
"../../../Engine/Plugins/Animation/ControlRig/Content/Controls/ControlRig_Hexagon_1mm.ubulk" 262
"../../../Engine/Plugins/Animation/ControlRig/Content/Controls/ControlRig_Hexagon_1mm.uasset" 263
"../../../Engine/Plugins/Animation/ControlRig/Content/Controls/ControlRig_Hexagon_1mm.uexp" 264
"../../../Engine/Plugins/Animation/ControlRig/Content/Controls/ControlRig_HalfCircle_solid.ubulk" 265
"../../../Engine/Plugins/Animation/ControlRig/Content/Controls/ControlRig_HalfCircle_solid.uasset" 266
"../../../Engine/Plugins/Animation/ControlRig/Content/Controls/ControlRig_HalfCircle_solid.uexp" 267
"../../../Engine/Plugins/Animation/ControlRig/Content/Controls/ControlRig_HalfCircle_3mm.ubulk" 268
"../../../Engine/Plugins/Animation/ControlRig/Content/Controls/ControlRig_HalfCircle_3mm.uasset" 269
"../../../Engine/Plugins/Animation/ControlRig/Content/Controls/ControlRig_HalfCircle_3mm.uexp" 270
"../../../Engine/Plugins/Animation/ControlRig/Content/Controls/ControlRig_HalfCircle_1mm.ubulk" 271
"../../../Engine/Plugins/Animation/ControlRig/Content/Controls/ControlRig_HalfCircle_1mm.uasset" 272
"../../../Engine/Plugins/Animation/ControlRig/Content/Controls/ControlRig_HalfCircle_1mm.uexp" 273
"../../../Engine/Plugins/Animation/ControlRig/Content/Controls/ControlRig_Diamond_solid.ubulk" 274
"../../../Engine/Plugins/Animation/ControlRig/Content/Controls/ControlRig_Diamond_solid.uasset" 275
"../../../Engine/Plugins/Animation/ControlRig/Content/Controls/ControlRig_Diamond_solid.uexp" 276
"../../../Engine/Plugins/Animation/ControlRig/Content/Controls/ControlRig_Diamond_3mm.ubulk" 277
"../../../Engine/Plugins/Animation/ControlRig/Content/Controls/ControlRig_Diamond_3mm.uasset" 278
"../../../Engine/Plugins/Animation/ControlRig/Content/Controls/ControlRig_Diamond_3mm.uexp" 279
"../../../Engine/Plugins/Animation/ControlRig/Content/Controls/ControlRig_Diamond_1mm.ubulk" 280
"../../../Engine/Plugins/Animation/ControlRig/Content/Controls/ControlRig_Diamond_1mm.uasset" 281
"../../../Engine/Plugins/Animation/ControlRig/Content/Controls/ControlRig_Diamond_1mm.uexp" 282
"../../../Engine/Plugins/Animation/ControlRig/Content/Controls/ControlRig_Circle_solid.ubulk" 283
"../../../Engine/Plugins/Animation/ControlRig/Content/Controls/ControlRig_Circle_solid.uasset" 284
"../../../Engine/Plugins/Animation/ControlRig/Content/Controls/ControlRig_Circle_solid.uexp" 285
"../../../Engine/Plugins/Animation/ControlRig/Content/Controls/ControlRig_Circle_3mm.ubulk" 286
"../../../Engine/Plugins/Animation/ControlRig/Content/Controls/ControlRig_Circle_3mm.uasset" 287
"../../../Engine/Plugins/Animation/ControlRig/Content/Controls/ControlRig_Circle_3mm.uexp" 288
"../../../Engine/Plugins/Animation/ControlRig/Content/Controls/ControlRig_Circle_1mm.ubulk" 289
"../../../Engine/Plugins/Animation/ControlRig/Content/Controls/ControlRig_Circle_1mm.uasset" 290
"../../../Engine/Plugins/Animation/ControlRig/Content/Controls/ControlRig_Circle_1mm.uexp" 291
"../../../Engine/Plugins/Animation/ControlRig/Content/Controls/ControlRig_Box_solid.ubulk" 292
"../../../Engine/Plugins/Animation/ControlRig/Content/Controls/ControlRig_Box_solid.uasset" 293
"../../../Engine/Plugins/Animation/ControlRig/Content/Controls/ControlRig_Box_solid.uexp" 294
"../../../Engine/Plugins/Animation/ControlRig/Content/Controls/ControlRig_Box_3mm.ubulk" 295
"../../../Engine/Plugins/Animation/ControlRig/Content/Controls/ControlRig_Box_3mm.uasset" 296
"../../../Engine/Plugins/Animation/ControlRig/Content/Controls/ControlRig_Box_3mm.uexp" 297
"../../../Engine/Plugins/Animation/ControlRig/Content/Controls/ControlRig_Box_1mm.ubulk" 298
"../../../Engine/Plugins/Animation/ControlRig/Content/Controls/ControlRig_Box_1mm.uasset" 299
"../../../Engine/Plugins/Animation/ControlRig/Content/Controls/ControlRig_Box_1mm.uexp" 300
"../../../Engine/Plugins/Animation/ControlRig/Content/Controls/ControlRig_Arrow_solid.ubulk" 301
"../../../Engine/Plugins/Animation/ControlRig/Content/Controls/ControlRig_Arrow_solid.uasset" 302
"../../../Engine/Plugins/Animation/ControlRig/Content/Controls/ControlRig_Arrow_solid.uexp" 303
"../../../Engine/Plugins/Animation/ControlRig/Content/Controls/ControlRig_Arrow_3mm.ubulk" 304
"../../../Engine/Plugins/Animation/ControlRig/Content/Controls/ControlRig_Arrow_3mm.uasset" 305
"../../../Engine/Plugins/Animation/ControlRig/Content/Controls/ControlRig_Arrow_3mm.uexp" 306
"../../../Engine/Plugins/Animation/ControlRig/Content/Controls/ControlRig_Arrow_1mm.ubulk" 307
"../../../Engine/Plugins/Animation/ControlRig/Content/Controls/ControlRig_Arrow_1mm.uasset" 308
"../../../Engine/Plugins/Animation/ControlRig/Content/Controls/ControlRig_Arrow_1mm.uexp" 309
"../../../Engine/Plugins/Animation/ControlRig/Content/Controls/ControlRig_Arrow4_solid.ubulk" 310
"../../../Engine/Plugins/Animation/ControlRig/Content/Controls/ControlRig_Arrow4_solid.uasset" 311
"../../../Engine/Plugins/Animation/ControlRig/Content/Controls/ControlRig_Arrow4_solid.uexp" 312
"../../../Engine/Plugins/Animation/ControlRig/Content/Controls/ControlRig_Arrow4_3mm.ubulk" 313
"../../../Engine/Plugins/Animation/ControlRig/Content/Controls/ControlRig_Arrow4_3mm.uasset" 314
"../../../Engine/Plugins/Animation/ControlRig/Content/Controls/ControlRig_Arrow4_3mm.uexp" 315
"../../../Engine/Plugins/Animation/ControlRig/Content/Controls/ControlRig_Arrow4_1mm.ubulk" 316
"../../../Engine/Plugins/Animation/ControlRig/Content/Controls/ControlRig_Arrow4_1mm.uasset" 317
"../../../Engine/Plugins/Animation/ControlRig/Content/Controls/ControlRig_Arrow4_1mm.uexp" 318
"../../../Engine/Plugins/Animation/ControlRig/Content/Controls/ControlRig_Arrow2_solid.ubulk" 319
"../../../Engine/Plugins/Animation/ControlRig/Content/Controls/ControlRig_Arrow2_solid.uasset" 320
"../../../Engine/Plugins/Animation/ControlRig/Content/Controls/ControlRig_Arrow2_solid.uexp" 321
"../../../Engine/Plugins/Animation/ControlRig/Content/Controls/ControlRig_Arrow2_3mm.ubulk" 322
"../../../Engine/Plugins/Animation/ControlRig/Content/Controls/ControlRig_Arrow2_3mm.uasset" 323
"../../../Engine/Plugins/Animation/ControlRig/Content/Controls/ControlRig_Arrow2_3mm.uexp" 324
"../../../Engine/Plugins/Animation/ControlRig/Content/Controls/ControlRig_Arrow2_1mm.ubulk" 325
"../../../Engine/Plugins/Animation/ControlRig/Content/Controls/ControlRig_Arrow2_1mm.uasset" 326
"../../../Engine/Plugins/Animation/ControlRig/Content/Controls/ControlRig_Arrow2_1mm.uexp" 327
"../../../Engine/Plugins/Animation/ControlRig/Content/Controls/ControlRigXRayMaterial.uasset" 328
"../../../Engine/Plugins/Animation/ControlRig/Content/Controls/ControlRigXRayMaterial.uexp" 329
"../../../Engine/Plugins/Animation/ControlRig/Content/Controls/ControlRigGizmoMaterial.uasset" 330
"../../../Engine/Plugins/Animation/ControlRig/Content/Controls/ControlRigGizmoMaterial.uexp" 331
"../../../Engine/Content/EngineMaterials/WeightMapPlaceholderTexture.uasset" 332
"../../../Engine/Content/EngineMaterials/WeightMapPlaceholderTexture.uexp" 333
"../../../Engine/Content/EngineMaterials/WeightMapArrayPlaceholderTexture.uasset" 334
"../../../Engine/Content/EngineMaterials/WeightMapArrayPlaceholderTexture.uexp" 335
"../../../Engine/Content/EngineMaterials/RemoveSurfaceMaterial.uasset" 336
"../../../Engine/Content/EngineMaterials/RemoveSurfaceMaterial.uexp" 337
"../../../Engine/Content/EngineMaterials/PreintegratedSkinBRDF.uasset" 338
"../../../Engine/Content/EngineMaterials/PreintegratedSkinBRDF.uexp" 339
"../../../Engine/Content/EngineMaterials/DefaultCalibrationGrayscale.uasset" 340
"../../../Engine/Content/EngineMaterials/DefaultCalibrationGrayscale.uexp" 341
"../../../Engine/Content/EngineMaterials/PPM_DefaultCalibrationGrayscale.uasset" 342
"../../../Engine/Content/EngineMaterials/PPM_DefaultCalibrationGrayscale.uexp" 343
"../../../Engine/Content/EngineMaterials/DefaultCalibrationColor.uasset" 344
"../../../Engine/Content/EngineMaterials/DefaultCalibrationColor.uexp" 345
"../../../Engine/Content/EngineMaterials/PPM_DefaultCalibrationColor.uasset" 346
"../../../Engine/Content/EngineMaterials/PPM_DefaultCalibrationColor.uexp" 347
"../../../Engine/Content/EngineMaterials/PhAT_JointLimitMaterial.uasset" 348
"../../../Engine/Content/EngineMaterials/PhAT_JointLimitMaterial.uexp" 349
"../../../Engine/Content/EngineMaterials/NaniteHiddenSectionMaterial.uasset" 350
"../../../Engine/Content/EngineMaterials/NaniteHiddenSectionMaterial.uexp" 351
"../../../Engine/Content/EngineMaterials/InvalidLightmapSettings.ubulk" 352
"../../../Engine/Content/EngineMaterials/InvalidLightmapSettings.uasset" 353
"../../../Engine/Content/EngineMaterials/InvalidLightmapSettings.uexp" 354
"../../../Engine/Content/EngineMaterials/M_InvalidLightmapSettings.uasset" 355
"../../../Engine/Content/EngineMaterials/M_InvalidLightmapSettings.uexp" 356
"../../../Engine/Content/EngineMaterials/MiniFont.uasset" 357
"../../../Engine/Content/EngineMaterials/MiniFont.uexp" 358
"../../../Engine/Content/EngineMaterials/GizmoMaterial.uasset" 359
"../../../Engine/Content/EngineMaterials/GizmoMaterial.uexp" 360
"../../../Engine/Content/EngineMaterials/BaseFlattenNormalMap_VT.ubulk" 361
"../../../Engine/Content/EngineMaterials/BaseFlattenNormalMap_VT.uasset" 362
"../../../Engine/Content/EngineMaterials/BaseFlattenNormalMap_VT.uexp" 363
"../../../Engine/Content/EngineMaterials/BaseFlattenDiffuseMap_VT.ubulk" 364
"../../../Engine/Content/EngineMaterials/BaseFlattenDiffuseMap_VT.uasset" 365
"../../../Engine/Content/EngineMaterials/BaseFlattenDiffuseMap_VT.uexp" 366
"../../../Engine/Content/EngineMaterials/BaseFlattenEmissiveMap_VT.ubulk" 367
"../../../Engine/Content/EngineMaterials/BaseFlattenEmissiveMap_VT.uasset" 368
"../../../Engine/Content/EngineMaterials/BaseFlattenEmissiveMap_VT.uexp" 369
"../../../Engine/Content/EngineMaterials/BaseFlattenLinearColor_VT.ubulk" 370
"../../../Engine/Content/EngineMaterials/BaseFlattenLinearColor_VT.uasset" 371
"../../../Engine/Content/EngineMaterials/BaseFlattenLinearColor_VT.uexp" 372
"../../../Engine/Content/EngineMaterials/Black_1x1_EXR_Texture_VT.ubulk" 373
"../../../Engine/Content/EngineMaterials/Black_1x1_EXR_Texture_VT.uasset" 374
"../../../Engine/Content/EngineMaterials/Black_1x1_EXR_Texture_VT.uexp" 375
"../../../Engine/Content/EngineMaterials/BaseFlattenGrayscaleMap_VT.ubulk" 376
"../../../Engine/Content/EngineMaterials/BaseFlattenGrayscaleMap_VT.uasset" 377
"../../../Engine/Content/EngineMaterials/BaseFlattenGrayscaleMap_VT.uexp" 378
"../../../Engine/Content/EngineMaterials/FlattenMaterial_WS_Normal_VT.uasset" 379
"../../../Engine/Content/EngineMaterials/FlattenMaterial_WS_Normal_VT.uexp" 380
"../../../Engine/Content/EngineMaterials/FlattenMaterial_VT.uasset" 381
"../../../Engine/Content/EngineMaterials/FlattenMaterial_VT.uexp" 382
"../../../Engine/Content/EngineMaterials/BaseFlattenNormalMap.uasset" 383
"../../../Engine/Content/EngineMaterials/BaseFlattenNormalMap.uexp" 384
"../../../Engine/Content/EngineMaterials/BaseFlattenDiffuseMap.uasset" 385
"../../../Engine/Content/EngineMaterials/BaseFlattenDiffuseMap.uexp" 386
"../../../Engine/Content/EngineMaterials/BaseFlattenEmissiveMap.uasset" 387
"../../../Engine/Content/EngineMaterials/BaseFlattenEmissiveMap.uexp" 388
"../../../Engine/Content/EngineMaterials/BaseFlattenGrayscaleMap.uasset" 389
"../../../Engine/Content/EngineMaterials/BaseFlattenGrayscaleMap.uexp" 390
"../../../Engine/Content/EngineMaterials/BaseFlattenLinearColor.uasset" 391
"../../../Engine/Content/EngineMaterials/BaseFlattenLinearColor.uexp" 392
"../../../Engine/Content/Functions/Engine_MaterialFunctions02/PivotPainter2/Black_1x1_EXR_Texture.uasset" 393
"../../../Engine/Content/Functions/Engine_MaterialFunctions02/PivotPainter2/Black_1x1_EXR_Texture.uexp" 394
"../../../Engine/Content/EngineMaterials/FlattenMaterial.uasset" 395
"../../../Engine/Content/EngineMaterials/FlattenMaterial.uexp" 396
"../../../Engine/Content/EngineMaterials/FastBlueNoise_vec2_128x128x64.uasset" 397
"../../../Engine/Content/EngineMaterials/FastBlueNoise_vec2_128x128x64.uexp" 398
"../../../Engine/Content/EngineMaterials/FastBlueNoise_scalar_128x128x8.uasset" 399
"../../../Engine/Content/EngineMaterials/FastBlueNoise_scalar_128x128x8.uexp" 400
"../../../Engine/Content/EngineMaterials/FastBlueNoise_scalar_128x128x64.uasset" 401
"../../../Engine/Content/EngineMaterials/FastBlueNoise_scalar_128x128x64.uexp" 402
"../../../Engine/Content/EngineMaterials/DefaultWhiteGrid_Low.uasset" 403
"../../../Engine/Content/EngineMaterials/DefaultWhiteGrid_Low.uexp" 404
"../../../Engine/Content/EngineMaterials/EmissiveMeshMaterial.uasset" 405
"../../../Engine/Content/EngineMaterials/EmissiveMeshMaterial.uexp" 406
"../../../Engine/Content/EngineMaterials/DefaultWhiteGrid.ubulk" 407
"../../../Engine/Content/EngineMaterials/DefaultWhiteGrid.uasset" 408
"../../../Engine/Content/EngineMaterials/DefaultWhiteGrid.uexp" 409
"../../../Engine/Content/EngineFonts/RobotoDistanceField.uasset" 410
"../../../Engine/Content/EngineFonts/RobotoDistanceField.uexp" 411
"../../../Engine/Content/EngineMaterials/DefaultTextMaterialOpaque.uasset" 412
"../../../Engine/Content/EngineMaterials/DefaultTextMaterialOpaque.uexp" 413
"../../../Engine/Content/EngineMaterials/DefaultPostProcessMaterial.uasset" 414
"../../../Engine/Content/EngineMaterials/DefaultPostProcessMaterial.uexp" 415
"../../../Engine/Content/EngineMaterials/DefaultLightFunctionMaterial.uasset" 416
"../../../Engine/Content/EngineMaterials/DefaultLightFunctionMaterial.uexp" 417
"../../../Engine/Content/EngineMaterials/DefaultDeferredDecalMaterial.uasset" 418
"../../../Engine/Content/EngineMaterials/DefaultDeferredDecalMaterial.uexp" 419
"../../../Engine/Content/EngineMaterials/DefaultBokeh.uasset" 420
"../../../Engine/Content/EngineMaterials/DefaultBokeh.uexp" 421
"../../../Engine/Content/EngineMaterials/DefaultBloomKernel.uasset" 422
"../../../Engine/Content/EngineMaterials/DefaultBloomKernel.uexp" 423
"../../../Engine/Content/Functions/Engine_MaterialFunctions02/Utility/CameraDirectionVector.uasset" 424
"../../../Engine/Content/Functions/Engine_MaterialFunctions02/Utility/CameraDirectionVector.uexp" 425
"../../../Engine/Content/EngineDebugMaterials/VolumeToRender.uasset" 426
"../../../Engine/Content/EngineDebugMaterials/VolumeToRender.uexp" 427
"../../../Engine/Content/EngineDebugMaterials/M_VolumeRenderSphereTracePP.uasset" 428
"../../../Engine/Content/EngineDebugMaterials/M_VolumeRenderSphereTracePP.uexp" 429
"../../../Engine/Content/EngineDebugMaterials/M_SimpleUnlitTranslucent.uasset" 430
"../../../Engine/Content/EngineDebugMaterials/M_SimpleUnlitTranslucent.uexp" 431
"../../../Engine/Content/EngineDebugMaterials/DebugMeshMaterial.uasset" 432
"../../../Engine/Content/EngineDebugMaterials/DebugMeshMaterial.uexp" 433
"../../../Engine/Content/EngineDebugMaterials/DebugEditorMaterial.uasset" 434
"../../../Engine/Content/EngineDebugMaterials/DebugEditorMaterial.uexp" 435
"../../../Engine/Content/EngineDamageTypes/DmgTypeBP_Environmental.uasset" 436
"../../../Engine/Content/EngineDamageTypes/DmgTypeBP_Environmental.uexp" 437
"../../../Engine/Content/EditorResources/S_Terrain.ubulk" 438
"../../../Engine/Content/EditorResources/S_Terrain.uasset" 439
"../../../Engine/Content/EditorResources/S_Terrain.uexp" 440
"../../../Engine/Content/EditorResources/S_Solver.ubulk" 441
"../../../Engine/Content/EditorResources/S_Solver.uasset" 442
"../../../Engine/Content/EditorResources/S_Solver.uexp" 443
"../../../Engine/Content/EditorResources/BSPVertex.uasset" 444
"../../../Engine/Content/EditorResources/BSPVertex.uexp" 445
"../../../Engine/Plugins/VirtualProduction/CameraCalibrationCore/Content/Materials/M_DefaultOddSquare.uasset" 446
"../../../Engine/Plugins/VirtualProduction/CameraCalibrationCore/Content/Materials/M_DefaultOddSquare.uexp" 447
"../../../Engine/Plugins/VirtualProduction/CameraCalibrationCore/Content/Materials/M_DefaultEvenSquare.uasset" 448
"../../../Engine/Plugins/VirtualProduction/CameraCalibrationCore/Content/Materials/M_DefaultEvenSquare.uexp" 449
"../../../Engine/Plugins/Runtime/HairStrands/Content/Materials/HairMeshesDefaultMaterial.uasset" 450
"../../../Engine/Plugins/Runtime/HairStrands/Content/Materials/HairMeshesDefaultMaterial.uexp" 451
"../../../Engine/Plugins/Runtime/HairStrands/Content/Materials/HairDefaultMaterial.uasset" 452
"../../../Engine/Plugins/Runtime/HairStrands/Content/Materials/HairDefaultMaterial.uexp" 453
"../../../Engine/Content/Functions/Engine_MaterialFunctions02/Utility/MakeFloat3.uasset" 454
"../../../Engine/Content/Functions/Engine_MaterialFunctions02/Utility/MakeFloat3.uexp" 455
"../../../Engine/Content/Functions/Engine_MaterialFunctions02/Utility/MakeFloat2.uasset" 456
"../../../Engine/Content/Functions/Engine_MaterialFunctions02/Utility/MakeFloat2.uexp" 457
"../../../Engine/Content/EngineMaterials/HairDebugColor.uasset" 458
"../../../Engine/Content/EngineMaterials/HairDebugColor.uexp" 459
"../../../Engine/Content/EngineMaterials/HairColorMap.uasset" 460
"../../../Engine/Content/EngineMaterials/HairColorMap.uexp" 461
"../../../Engine/Plugins/Runtime/HairStrands/Content/Materials/HairGroupColors.uasset" 462
"../../../Engine/Plugins/Runtime/HairStrands/Content/Materials/HairGroupColors.uexp" 463
"../../../Engine/Plugins/Runtime/HairStrands/Content/Materials/HairDebugMaterial.uasset" 464
"../../../Engine/Plugins/Runtime/HairStrands/Content/Materials/HairDebugMaterial.uexp" 465
"../../../Engine/Plugins/Runtime/HairStrands/Content/Materials/HairCardsDefaultMaterial.uasset" 466
"../../../Engine/Plugins/Runtime/HairStrands/Content/Materials/HairCardsDefaultMaterial.uexp" 467
"../../../Engine/Plugins/Runtime/AudioWidgets/Content/Resources/ScrubHandleDown_Clamped.uasset" 468
"../../../Engine/Plugins/Runtime/AudioWidgets/Content/Resources/ScrubHandleDown_Clamped.uexp" 469
"../../../Engine/Plugins/Interchange/Assets/Content/Functions/MX_UsdPreviewSurface.uasset" 470
"../../../Engine/Plugins/Interchange/Assets/Content/Functions/MX_UsdPreviewSurface.uexp" 471
"../../../Engine/Plugins/Interchange/Assets/Content/Functions/MX_UniformEDF.uasset" 472
"../../../Engine/Plugins/Interchange/Assets/Content/Functions/MX_UniformEDF.uexp" 473
"../../../Engine/Plugins/Interchange/Assets/Content/Functions/MX_TranslucentBSDF.uasset" 474
"../../../Engine/Plugins/Interchange/Assets/Content/Functions/MX_TranslucentBSDF.uexp" 475
"../../../Engine/Plugins/Interchange/Assets/Content/Functions/MX_ThinFilmBSDF.uasset" 476
"../../../Engine/Plugins/Interchange/Assets/Content/Functions/MX_ThinFilmBSDF.uexp" 477
"../../../Engine/Plugins/Interchange/Assets/Content/Functions/MX_SurfaceUnlit.uasset" 478
"../../../Engine/Plugins/Interchange/Assets/Content/Functions/MX_SurfaceUnlit.uexp" 479
"../../../Engine/Plugins/Interchange/Assets/Content/Functions/MX_Surface.uasset" 480
"../../../Engine/Plugins/Interchange/Assets/Content/Functions/MX_Surface.uexp" 481
"../../../Engine/Plugins/Interchange/Assets/Content/Functions/MX_SubsurfaceBSDF.uasset" 482
"../../../Engine/Plugins/Interchange/Assets/Content/Functions/MX_SubsurfaceBSDF.uexp" 483
"../../../Engine/Plugins/Interchange/Assets/Content/Functions/MX_SheenBSDF.uasset" 484
"../../../Engine/Plugins/Interchange/Assets/Content/Functions/MX_SheenBSDF.uexp" 485
"../../../Engine/Plugins/Interchange/Assets/Content/Functions/MX_OrenNayarBSDF.uasset" 486
"../../../Engine/Plugins/Interchange/Assets/Content/Functions/MX_OrenNayarBSDF.uexp" 487
"../../../Engine/Plugins/Interchange/Assets/Content/Functions/MF_IridescenceNoLUT.uasset" 488
"../../../Engine/Plugins/Interchange/Assets/Content/Functions/MF_IridescenceNoLUT.uexp" 489
"../../../Engine/Plugins/Interchange/Assets/Content/Functions/MX_StandardSurface.uasset" 490
"../../../Engine/Plugins/Interchange/Assets/Content/Functions/MX_StandardSurface.uexp" 491
"../../../Engine/Plugins/Interchange/Assets/Content/Functions/MX_TransmissionSurface.uasset" 492
"../../../Engine/Plugins/Interchange/Assets/Content/Functions/MX_TransmissionSurface.uexp" 493
"../../../Engine/Plugins/Interchange/Assets/Content/Functions/MX_OpenPBR_Translucent.uasset" 494
"../../../Engine/Plugins/Interchange/Assets/Content/Functions/MX_OpenPBR_Translucent.uexp" 495
"../../../Engine/Plugins/Interchange/Assets/Content/Functions/MX_OpenPBR_Opaque.uasset" 496
"../../../Engine/Plugins/Interchange/Assets/Content/Functions/MX_OpenPBR_Opaque.uexp" 497
"../../../Engine/Plugins/Interchange/Assets/Content/Functions/MX_MeasuredEDF.uasset" 498
"../../../Engine/Plugins/Interchange/Assets/Content/Functions/MX_MeasuredEDF.uexp" 499
"../../../Engine/Plugins/Interchange/Assets/Content/Functions/MX_GeneralizedSchlickBSDF.uasset" 500
"../../../Engine/Plugins/Interchange/Assets/Content/Functions/MX_GeneralizedSchlickBSDF.uexp" 501
"../../../Engine/Plugins/Interchange/Assets/Content/Functions/MX_Displacement.uasset" 502
"../../../Engine/Plugins/Interchange/Assets/Content/Functions/MX_Displacement.uexp" 503
"../../../Engine/Plugins/Interchange/Assets/Content/Functions/MX_DielectricBSDF.uasset" 504
"../../../Engine/Plugins/Interchange/Assets/Content/Functions/MX_DielectricBSDF.uexp" 505
"../../../Engine/Plugins/Interchange/Assets/Content/Functions/MX_ConicalEDF.uasset" 506
"../../../Engine/Plugins/Interchange/Assets/Content/Functions/MX_ConicalEDF.uexp" 507
"../../../Engine/Plugins/Interchange/Assets/Content/Functions/MX_ConductorBSDF.uasset" 508
"../../../Engine/Plugins/Interchange/Assets/Content/Functions/MX_ConductorBSDF.uexp" 509
"../../../Engine/Plugins/Interchange/Assets/Content/Functions/MX_BurleyDiffuseBSDF.uasset" 510
"../../../Engine/Plugins/Interchange/Assets/Content/Functions/MX_BurleyDiffuseBSDF.uexp" 511
"../../../Engine/Plugins/Interchange/Assets/Content/Functions/MX_AnisotropicVDF.uasset" 512
"../../../Engine/Plugins/Interchange/Assets/Content/Functions/MX_AnisotropicVDF.uexp" 513
"../../../Engine/Plugins/Interchange/Assets/Content/Functions/MX_AbsorptionVDF.uasset" 514
"../../../Engine/Plugins/Interchange/Assets/Content/Functions/MX_AbsorptionVDF.uexp" 515
"../../../Engine/Content/Functions/Engine_MaterialFunctions02/Utility/BreakOutFloat3Components.uasset" 516
"../../../Engine/Content/Functions/Engine_MaterialFunctions02/Utility/BreakOutFloat3Components.uexp" 517
"../../../Engine/Content/Functions/Engine_MaterialFunctions02/Utility/VectorLength.uasset" 518
"../../../Engine/Content/Functions/Engine_MaterialFunctions02/Utility/VectorLength.uexp" 519
"../../../Engine/Content/Functions/Engine_MaterialFunctions02/WorldPositionOffset/ObjectScale.uasset" 520
"../../../Engine/Content/Functions/Engine_MaterialFunctions02/WorldPositionOffset/ObjectScale.uexp" 521
"../../../Engine/Content/Functions/Engine_MaterialFunctions02/SafeNormalize.uasset" 522
"../../../Engine/Content/Functions/Engine_MaterialFunctions02/SafeNormalize.uexp" 523
"../../../Engine/Plugins/Editor/SpeedTreeImporter/Content/SpeedTree9/UnpackInteger3.uasset" 524
"../../../Engine/Plugins/Editor/SpeedTreeImporter/Content/SpeedTree9/UnpackInteger3.uexp" 525
"../../../Engine/Plugins/Editor/SpeedTreeImporter/Content/SpeedTree9/UnpackDirection.uasset" 526
"../../../Engine/Plugins/Editor/SpeedTreeImporter/Content/SpeedTree9/UnpackDirection.uexp" 527
"../../../Engine/Plugins/Editor/SpeedTreeImporter/Content/SpeedTree9/game_wind_noise.ubulk" 528
"../../../Engine/Plugins/Editor/SpeedTreeImporter/Content/SpeedTree9/game_wind_noise.uasset" 529
"../../../Engine/Plugins/Editor/SpeedTreeImporter/Content/SpeedTree9/game_wind_noise.uexp" 530
"../../../Engine/Plugins/Editor/SpeedTreeImporter/Content/SpeedTree9/SpeedTreeWindMotion.uasset" 531
"../../../Engine/Plugins/Editor/SpeedTreeImporter/Content/SpeedTree9/SpeedTreeWindMotion.uexp" 532
"../../../Engine/Plugins/Editor/SpeedTreeImporter/Content/SpeedTree9/SpeedTreeBranchMotion.uasset" 533
"../../../Engine/Plugins/Editor/SpeedTreeImporter/Content/SpeedTree9/SpeedTreeBranchMotion.uexp" 534
"../../../Engine/Content/Functions/Engine_MaterialFunctions02/ObjectLocalBounds.uasset" 535
"../../../Engine/Content/Functions/Engine_MaterialFunctions02/ObjectLocalBounds.uexp" 536
"../../../Engine/Content/Functions/Engine_MaterialFunctions02/UVs/BoundingBoxBased_0-1_UVW.uasset" 537
"../../../Engine/Content/Functions/Engine_MaterialFunctions02/UVs/BoundingBoxBased_0-1_UVW.uexp" 538
"../../../Engine/Plugins/Editor/SpeedTreeImporter/Content/SpeedTree9/SpeedTreeWind.uasset" 539
"../../../Engine/Plugins/Editor/SpeedTreeImporter/Content/SpeedTree9/SpeedTreeWind.uexp" 540
"../../../Engine/Plugins/Editor/SpeedTreeImporter/Content/SpeedTree9/SpeedTreeCameraFacing.uasset" 541
"../../../Engine/Plugins/Editor/SpeedTreeImporter/Content/SpeedTree9/SpeedTreeCameraFacing.uexp" 542
"../../../Engine/Plugins/Editor/SpeedTreeImporter/Content/SpeedTree9/EmptyNormal.uasset" 543
"../../../Engine/Plugins/Editor/SpeedTreeImporter/Content/SpeedTree9/EmptyNormal.uexp" 544
"../../../Engine/Plugins/Editor/SpeedTreeImporter/Content/SpeedTree9/Empty.uasset" 545
"../../../Engine/Plugins/Editor/SpeedTreeImporter/Content/SpeedTree9/Empty.uexp" 546
"../../../Engine/Plugins/Editor/SpeedTreeImporter/Content/SpeedTree9/SpeedTreeMaster.uasset" 547
"../../../Engine/Plugins/Editor/SpeedTreeImporter/Content/SpeedTree9/SpeedTreeMaster.uexp" 548
"../../../Engine/Plugins/Editor/SpeedTreeImporter/Content/SpeedTree9/SpeedTreeBillboard.uasset" 549
"../../../Engine/Plugins/Editor/SpeedTreeImporter/Content/SpeedTree9/SpeedTreeBillboard.uexp" 550
"../../../Engine/Plugins/Editor/SpeedTreeImporter/Content/SpeedTree9/SpeedTreeBillboardMaster.uasset" 551
"../../../Engine/Plugins/Editor/SpeedTreeImporter/Content/SpeedTree9/SpeedTreeBillboardMaster.uexp" 552
"../../../Engine/Content/EngineMaterials/LTC/Sheen_LTC.uasset" 553
"../../../Engine/Content/EngineMaterials/LTC/Sheen_LTC.uexp" 554
"../../../Engine/Content/EngineMaterials/LTC/GGX_LTCMat.uasset" 555
"../../../Engine/Content/EngineMaterials/LTC/GGX_LTCMat.uexp" 556
"../../../Engine/Content/EngineMaterials/LTC/GGX_LTCAmp.uasset" 557
"../../../Engine/Content/EngineMaterials/LTC/GGX_LTCAmp.uexp" 558
"../../../Engine/Content/EngineMaterials/EnergyConservation/Sheen_Energy.uasset" 559
"../../../Engine/Content/EngineMaterials/EnergyConservation/Sheen_Energy.uexp" 560
"../../../Engine/Content/EngineMaterials/EnergyConservation/SheenLegacy_Energy.uasset" 561
"../../../Engine/Content/EngineMaterials/EnergyConservation/SheenLegacy_Energy.uexp" 562
"../../../Engine/Content/EngineMaterials/EnergyConservation/GGX_TransmissionEnergyArray.uasset" 563
"../../../Engine/Content/EngineMaterials/EnergyConservation/GGX_TransmissionEnergyArray.uexp" 564
"../../../Engine/Content/EngineMaterials/EnergyConservation/GGX_ReflectionEnergy.uasset" 565
"../../../Engine/Content/EngineMaterials/EnergyConservation/GGX_ReflectionEnergy.uexp" 566
"../../../Engine/Content/EngineMaterials/EnergyConservation/Diffuse_Energy.uasset" 567
"../../../Engine/Content/EngineMaterials/EnergyConservation/Diffuse_Energy.uexp" 568
"../../../Engine/Content/EditorResources/SequenceRecorder/RecordingIndicator.uasset" 569
"../../../Engine/Content/EditorResources/SequenceRecorder/RecordingIndicator.uexp" 570
"../../../Engine/Content/EditorResources/SequenceRecorder/Countdown.uasset" 571
"../../../Engine/Content/EditorResources/SequenceRecorder/Countdown.uexp" 572
"../../../Engine/Content/EditorMaterials/Camera/CineMat.uasset" 573
"../../../Engine/Content/EditorMaterials/Camera/CineMat.uexp" 574
"../../../Engine/Content/EditorMaterials/Camera/MI_CineMat_Rig.uasset" 575
"../../../Engine/Content/EditorMaterials/Camera/MI_CineMat_Rig.uexp" 576
"../../../Engine/Content/EditorMeshes/Camera/SM_RailRig_Track.ubulk" 577
"../../../Engine/Content/EditorMeshes/Camera/SM_RailRig_Track.uasset" 578
"../../../Engine/Content/EditorMeshes/Camera/SM_RailRig_Track.uexp" 579
"../../../Engine/Content/EditorMeshes/Camera/SM_RailRig_Mount.ubulk" 580
"../../../Engine/Content/EditorMeshes/Camera/SM_RailRig_Mount.uasset" 581
"../../../Engine/Content/EditorMeshes/Camera/SM_RailRig_Mount.uexp" 582
"../../../Engine/Content/EditorMeshes/Camera/SM_CraneRig_Mount.ubulk" 583
"../../../Engine/Content/EditorMeshes/Camera/SM_CraneRig_Mount.uasset" 584
"../../../Engine/Content/EditorMeshes/Camera/SM_CraneRig_Mount.uexp" 585
"../../../Engine/Content/EditorMeshes/Camera/SM_CraneRig_Body.ubulk" 586
"../../../Engine/Content/EditorMeshes/Camera/SM_CraneRig_Body.uasset" 587
"../../../Engine/Content/EditorMeshes/Camera/SM_CraneRig_Body.uexp" 588
"../../../Engine/Content/EditorMeshes/Camera/SM_CraneRig_Base.ubulk" 589
"../../../Engine/Content/EditorMeshes/Camera/SM_CraneRig_Base.uasset" 590
"../../../Engine/Content/EditorMeshes/Camera/SM_CraneRig_Base.uexp" 591
"../../../Engine/Content/EditorMeshes/Camera/SM_CraneRig_Arm.ubulk" 592
"../../../Engine/Content/EditorMeshes/Camera/SM_CraneRig_Arm.uasset" 593
"../../../Engine/Content/EditorMeshes/Camera/SM_CraneRig_Arm.uexp" 594
"../../../Engine/Content/EditorMaterials/ParticleSystems/PSysThumbnail_OOD.ubulk" 595
"../../../Engine/Content/EditorMaterials/ParticleSystems/PSysThumbnail_OOD.uasset" 596
"../../../Engine/Content/EditorMaterials/ParticleSystems/PSysThumbnail_OOD.uexp" 597
"../../../Engine/Content/EditorMaterials/ParticleSystems/PSysThumbnail_NoImage.ubulk" 598
"../../../Engine/Content/EditorMaterials/ParticleSystems/PSysThumbnail_NoImage.uasset" 599
"../../../Engine/Content/EditorMaterials/ParticleSystems/PSysThumbnail_NoImage.uexp" 600
"../../../Engine/Content/EditorMaterials/Dataflow/DataflowVertexMaterial.uasset" 601
"../../../Engine/Content/EditorMaterials/Dataflow/DataflowVertexMaterial.uexp" 602
"../../../Engine/Content/EditorMaterials/Dataflow/DataflowTwoSidedVertexMaterial.uasset" 603
"../../../Engine/Content/EditorMaterials/Dataflow/DataflowTwoSidedVertexMaterial.uexp" 604
"../../../Engine/Content/VREditor/TransformGizmo/Xray.uasset" 605
"../../../Engine/Content/VREditor/TransformGizmo/Xray.uexp" 606
"../../../Engine/Content/VREditor/TransformGizmo/Main.uasset" 607
"../../../Engine/Content/VREditor/TransformGizmo/Main.uexp" 608
"../../../Engine/Content/VREditor/TransformGizmo/SM_Sequencer_Node.ubulk" 609
"../../../Engine/Content/VREditor/TransformGizmo/SM_Sequencer_Node.uasset" 610
"../../../Engine/Content/VREditor/TransformGizmo/SM_Sequencer_Node.uexp" 611
"../../../Engine/Content/VREditor/TransformGizmo/TranslucentTransformGizmoMaterial.uasset" 612
"../../../Engine/Content/VREditor/TransformGizmo/TranslucentTransformGizmoMaterial.uexp" 613
"../../../Engine/Content/VREditor/LaserPointer/VR_LaserPower_01.ubulk" 614
"../../../Engine/Content/VREditor/LaserPointer/VR_LaserPower_01.uasset" 615
"../../../Engine/Content/VREditor/LaserPointer/VR_LaserPower_01.uexp" 616
"../../../Engine/Content/VREditor/TransformGizmo/TransformGizmoMaterial.uasset" 617
"../../../Engine/Content/VREditor/TransformGizmo/TransformGizmoMaterial.uexp" 618
"../../../Engine/Content/VREditor/TransformGizmo/BoundingBoxEdge.ubulk" 619
"../../../Engine/Content/VREditor/TransformGizmo/BoundingBoxEdge.uasset" 620
"../../../Engine/Content/VREditor/TransformGizmo/BoundingBoxEdge.uexp" 621
"../../../Engine/Content/VREditor/TransformGizmo/BoundingBoxCorner.ubulk" 622
"../../../Engine/Content/VREditor/TransformGizmo/BoundingBoxCorner.uasset" 623
"../../../Engine/Content/VREditor/TransformGizmo/BoundingBoxCorner.uexp" 624
"../../../Engine/Content/EngineResources/FilmGrains/Marcie_Grain_v3_128_M2_000.uasset" 625
"../../../Engine/Content/EngineResources/FilmGrains/Marcie_Grain_v3_128_M2_000.uexp" 626
"../../../Engine/Content/EngineResources/Development/ZenLogo_64.uasset" 627
"../../../Engine/Content/EngineResources/Development/ZenLogo_64.uexp" 628
"../../../Engine/Content/ArtTools/RenderToTexture/Meshes/S_1_Unit_Plane.ubulk" 629
"../../../Engine/Content/ArtTools/RenderToTexture/Meshes/S_1_Unit_Plane.uasset" 630
"../../../Engine/Content/ArtTools/RenderToTexture/Meshes/S_1_Unit_Plane.uexp" 631
"../../../Engine/Content/EngineMaterials/Substrate/Glints2/AGlintTex2dArray2.uasset" 632
"../../../Engine/Content/EngineMaterials/Substrate/Glints2/AGlintTex2dArray2.uexp" 633
"../../../Engine/Content/EngineMaterials/Substrate/GLints/AGlintTex2dArray.uasset" 634
"../../../Engine/Content/EngineMaterials/Substrate/GLints/AGlintTex2dArray.uexp" 635
"../../../Engine/Content/Functions/Engine_MaterialFunctions01/Shading/PowerToRoughness.uasset" 636
"../../../Engine/Content/Functions/Engine_MaterialFunctions01/Shading/PowerToRoughness.uexp" 637
"../../../Engine/Content/Functions/Engine_MaterialFunctions01/Shading/ConvertFromDiffSpec.uasset" 638
"../../../Engine/Content/Functions/Engine_MaterialFunctions01/Shading/ConvertFromDiffSpec.uexp" 639
"../../../Engine/Content/EngineResources/DefaultTextureCube.uasset" 640
"../../../Engine/Content/EngineResources/DefaultTextureCube.uexp" 641
"../../../Engine/Plugins/2D/Paper2D/Content/DefaultSpriteMaterial.uasset" 642
"../../../Engine/Plugins/2D/Paper2D/Content/DefaultSpriteMaterial.uexp" 643
"../../../Engine/Plugins/2D/Paper2D/Content/OpaqueUnlitSpriteMaterial.uasset" 644
"../../../Engine/Plugins/2D/Paper2D/Content/OpaqueUnlitSpriteMaterial.uexp" 645
"../../../Engine/Plugins/2D/Paper2D/Content/MaskedUnlitSpriteMaterial.uasset" 646
"../../../Engine/Plugins/2D/Paper2D/Content/MaskedUnlitSpriteMaterial.uexp" 647
"../../../Engine/Plugins/NNE/NNEDenoiser/Content/NNE_oidn2-3-0_rt_hdr_calb_cnrm_large__dyn__fp16_opset11_ForwardAlpha.uasset" 648
"../../../Engine/Plugins/NNE/NNEDenoiser/Content/NNE_oidn2-3-0_rt_hdr_calb_cnrm_large__dyn__fp16_opset11_ForwardAlpha.uexp" 649
"../../../Engine/Plugins/NNE/NNEDenoiser/Content/NNE_oidn2-3-0_rt_hdr_calb_cnrm_large__dyn__fp16_opset11_DenoiseAlpha.uasset" 650
"../../../Engine/Plugins/NNE/NNEDenoiser/Content/NNE_oidn2-3-0_rt_hdr_calb_cnrm_large__dyn__fp16_opset11_DenoiseAlpha.uexp" 651
"../../../Engine/Plugins/NNE/NNEDenoiser/Content/NNE_oidn2-3-0_rt_hdr_alb_nrm__dyn__fp16_opset11_ForwardAlpha.uasset" 652
"../../../Engine/Plugins/NNE/NNEDenoiser/Content/NNE_oidn2-3-0_rt_hdr_alb_nrm__dyn__fp16_opset11_ForwardAlpha.uexp" 653
"../../../Engine/Plugins/NNE/NNEDenoiser/Content/NNE_oidn2-3-0_rt_hdr_alb_nrm__dyn__fp16_opset11_DenoiseAlpha.uasset" 654
"../../../Engine/Plugins/NNE/NNEDenoiser/Content/NNE_oidn2-3-0_rt_hdr_alb_nrm__dyn__fp16_opset11_DenoiseAlpha.uexp" 655
"../../../Engine/Plugins/NNE/NNEDenoiser/Content/NNE_oidn2-3-0_rt_hdr_alb_nrm_small__dyn__fp16_opset11_ForwardAlpha.uasset" 656
"../../../Engine/Plugins/NNE/NNEDenoiser/Content/NNE_oidn2-3-0_rt_hdr_alb_nrm_small__dyn__fp16_opset11_ForwardAlpha.uexp" 657
"../../../Engine/Plugins/NNE/NNEDenoiser/Content/NNE_oidn2-3-0_rt_hdr_alb_nrm_small__dyn__fp16_opset11_DenoiseAlpha.uasset" 658
"../../../Engine/Plugins/NNE/NNEDenoiser/Content/NNE_oidn2-3-0_rt_hdr_alb_nrm_small__dyn__fp16_opset11_DenoiseAlpha.uexp" 659
"../../../Engine/Content/Functions/Engine_MaterialFunctions03/Math/WithinRangeFloat2.uasset" 660
"../../../Engine/Content/Functions/Engine_MaterialFunctions03/Math/WithinRangeFloat2.uexp" 661
"../../../Engine/Content/EditorLandscapeResources/SelectBrushMaterial.uasset" 662
"../../../Engine/Content/EditorLandscapeResources/SelectBrushMaterial.uexp" 663
"../../../Engine/Content/EditorLandscapeResources/SelectBrushMaterial_SelectedRegion.uasset" 664
"../../../Engine/Content/EditorLandscapeResources/SelectBrushMaterial_SelectedRegion.uexp" 665
"../../../Engine/Content/EditorLandscapeResources/SelectBrushMaterial_Selected.uasset" 666
"../../../Engine/Content/EditorLandscapeResources/SelectBrushMaterial_Selected.uexp" 667
"../../../Engine/Content/EditorLandscapeResources/MaskBrushMaterial.uasset" 668
"../../../Engine/Content/EditorLandscapeResources/MaskBrushMaterial.uexp" 669
"../../../Engine/Content/EditorLandscapeResources/MaskBrushMaterial_MaskedRegion.uasset" 670
"../../../Engine/Content/EditorLandscapeResources/MaskBrushMaterial_MaskedRegion.uexp" 671
"../../../Engine/Content/EditorLandscapeResources/ColorMaskBrushMaterial.uasset" 672
"../../../Engine/Content/EditorLandscapeResources/ColorMaskBrushMaterial.uexp" 673
"../../../Engine/Content/EditorLandscapeResources/ColorMaskBrushMaterial_MaskedRegion.uasset" 674
"../../../Engine/Content/EditorLandscapeResources/ColorMaskBrushMaterial_MaskedRegion.uexp" 675
"../../../Engine/Content/VREditor/TransformGizmo/TranslucentTransformGizmoMaterial_Inst.uasset" 676
"../../../Engine/Content/VREditor/TransformGizmo/TranslucentTransformGizmoMaterial_Inst.uexp" 677
"../../../Engine/Content/VREditor/TransformGizmo/TransformGizmoMaterial_Inst.uasset" 678
"../../../Engine/Content/VREditor/TransformGizmo/TransformGizmoMaterial_Inst.uexp" 679
"../../../Engine/Content/VREditor/Sounds/UI/Drop_Item_From_ContentBrowser.ubulk" 680
"../../../Engine/Content/VREditor/Sounds/UI/Drop_Item_From_ContentBrowser.uasset" 681
"../../../Engine/Content/VREditor/Sounds/UI/Drop_Item_From_ContentBrowser.uexp" 682
"../../../Engine/Content/VREditor/TransformGizmo/UniformScaleHandle.ubulk" 683
"../../../Engine/Content/VREditor/TransformGizmo/UniformScaleHandle.uasset" 684
"../../../Engine/Content/VREditor/TransformGizmo/UniformScaleHandle.uexp" 685
"../../../Engine/Content/VREditor/TransformGizmo/TranslateArrowHandle.ubulk" 686
"../../../Engine/Content/VREditor/TransformGizmo/TranslateArrowHandle.uasset" 687
"../../../Engine/Content/VREditor/TransformGizmo/TranslateArrowHandle.uexp" 688
"../../../Engine/Content/Functions/Engine_MaterialFunctions02/Math/Transform3x3Matrix.uasset" 689
"../../../Engine/Content/Functions/Engine_MaterialFunctions02/Math/Transform3x3Matrix.uexp" 690
"../../../Engine/Content/Functions/Engine_MaterialFunctions02/SplitComponents.uasset" 691
"../../../Engine/Content/Functions/Engine_MaterialFunctions02/SplitComponents.uexp" 692
"../../../Engine/Content/VREditor/SnapGrid/SnapGridMaterial.uasset" 693
"../../../Engine/Content/VREditor/SnapGrid/SnapGridMaterial.uexp" 694
"../../../Engine/Content/VREditor/SnapGrid/SnapGridPlaneMesh.ubulk" 695
"../../../Engine/Content/VREditor/SnapGrid/SnapGridPlaneMesh.uasset" 696
"../../../Engine/Content/VREditor/SnapGrid/SnapGridPlaneMesh.uexp" 697
"../../../Engine/Content/VREditor/Sounds/UI/Gizmo_Handle_Clicked.ubulk" 698
"../../../Engine/Content/VREditor/Sounds/UI/Gizmo_Handle_Clicked.uasset" 699
"../../../Engine/Content/VREditor/Sounds/UI/Gizmo_Handle_Clicked.uexp" 700
"../../../Engine/Content/VREditor/Sounds/UI/Object_PickUp.ubulk" 701
"../../../Engine/Content/VREditor/Sounds/UI/Object_PickUp.uasset" 702
"../../../Engine/Content/VREditor/Sounds/UI/Object_PickUp.uexp" 703
"../../../Engine/Content/VREditor/Sounds/UI/Object_Snaps_To_Another_Actor.ubulk" 704
"../../../Engine/Content/VREditor/Sounds/UI/Object_Snaps_To_Another_Actor.uasset" 705
"../../../Engine/Content/VREditor/Sounds/UI/Object_Snaps_To_Another_Actor.uexp" 706
"../../../Engine/Content/VREditor/Sounds/UI/Object_Snaps_To_Grid.ubulk" 707
"../../../Engine/Content/VREditor/Sounds/UI/Object_Snaps_To_Grid.uasset" 708
"../../../Engine/Content/VREditor/Sounds/UI/Object_Snaps_To_Grid.uexp" 709
"../../../Engine/Content/VREditor/Sounds/UI/Scaling_Down.ubulk" 710
"../../../Engine/Content/VREditor/Sounds/UI/Scaling_Down.uasset" 711
"../../../Engine/Content/VREditor/Sounds/UI/Scaling_Down.uexp" 712
"../../../Engine/Content/VREditor/Sounds/UI/Scaling_Up.ubulk" 713
"../../../Engine/Content/VREditor/Sounds/UI/Scaling_Up.uasset" 714
"../../../Engine/Content/VREditor/Sounds/UI/Scaling_Up.uexp" 715
"../../../Engine/Content/VREditor/Sounds/UI/Selection_Changes.ubulk" 716
"../../../Engine/Content/VREditor/Sounds/UI/Selection_Changes.uasset" 717
"../../../Engine/Content/VREditor/Sounds/UI/Selection_Changes.uexp" 718
"../../../Engine/Content/VREditor/TransformGizmo/PlaneTranslationHandle.ubulk" 719
"../../../Engine/Content/VREditor/TransformGizmo/PlaneTranslationHandle.uasset" 720
"../../../Engine/Content/VREditor/TransformGizmo/PlaneTranslationHandle.uexp" 721
"../../../Engine/Content/VREditor/TransformGizmo/RotationHandleFull.ubulk" 722
"../../../Engine/Content/VREditor/TransformGizmo/RotationHandleFull.uasset" 723
"../../../Engine/Content/VREditor/TransformGizmo/RotationHandleFull.uexp" 724
"../../../Engine/Content/VREditor/TransformGizmo/RotationHandleIndicator.ubulk" 725
"../../../Engine/Content/VREditor/TransformGizmo/RotationHandleIndicator.uasset" 726
"../../../Engine/Content/VREditor/TransformGizmo/RotationHandleIndicator.uexp" 727
"../../../Engine/Content/VREditor/TransformGizmo/RotationHandleQuarter.ubulk" 728
"../../../Engine/Content/VREditor/TransformGizmo/RotationHandleQuarter.uasset" 729
"../../../Engine/Content/VREditor/TransformGizmo/RotationHandleQuarter.uexp" 730
"../../../Engine/Content/VREditor/TransformGizmo/StartRotationHandleIndicator.ubulk" 731
"../../../Engine/Content/VREditor/TransformGizmo/StartRotationHandleIndicator.uasset" 732
"../../../Engine/Content/VREditor/TransformGizmo/StartRotationHandleIndicator.uexp" 733
"../../../Engine/Content/VREditor/TransformGizmo/TransformGizmoFreeRotation.ubulk" 734
"../../../Engine/Content/VREditor/TransformGizmo/TransformGizmoFreeRotation.uasset" 735
"../../../Engine/Content/VREditor/TransformGizmo/TransformGizmoFreeRotation.uexp" 736
"../../../Engine/Content/EngineResources/LandscapeVisibilityLayerInfo.uasset" 737
"../../../Engine/Content/EngineResources/LandscapeVisibilityLayerInfo.uexp" 738
"../../../Engine/Content/EngineResources/WhiteSquareTexture.uasset" 739
"../../../Engine/Content/EngineResources/WhiteSquareTexture.uexp" 740
"../../../Engine/Content/EngineMaterials/Widget3DPassThrough.uasset" 741
"../../../Engine/Content/EngineMaterials/Widget3DPassThrough.uexp" 742
"../../../Engine/Content/EngineMaterials/Widget3DPassThrough_Translucent.uasset" 743
"../../../Engine/Content/EngineMaterials/Widget3DPassThrough_Translucent.uexp" 744
"../../../Engine/Content/EngineMaterials/Widget3DPassThrough_Translucent_OneSided.uasset" 745
"../../../Engine/Content/EngineMaterials/Widget3DPassThrough_Translucent_OneSided.uexp" 746
"../../../Engine/Content/EngineMaterials/Widget3DPassThrough_Opaque.uasset" 747
"../../../Engine/Content/EngineMaterials/Widget3DPassThrough_Opaque.uexp" 748
"../../../Engine/Content/EngineMaterials/Widget3DPassThrough_Opaque_OneSided.uasset" 749
"../../../Engine/Content/EngineMaterials/Widget3DPassThrough_Opaque_OneSided.uexp" 750
"../../../Engine/Content/EngineMaterials/Widget3DPassThrough_Masked_OneSided.uasset" 751
"../../../Engine/Content/EngineMaterials/Widget3DPassThrough_Masked_OneSided.uexp" 752
"../../../Engine/Content/EngineMaterials/Widget3DPassThrough_Masked.uasset" 753
"../../../Engine/Content/EngineMaterials/Widget3DPassThrough_Masked.uexp" 754
"../../../Engine/Plugins/Interchange/Assets/Content/gltf/Textures/T_White_srgb.uasset" 755
"../../../Engine/Plugins/Interchange/Assets/Content/gltf/Textures/T_White_srgb.uexp" 756
"../../../Engine/Plugins/Interchange/Assets/Content/gltf/MaterialFunctions/MF_BaseColor.uasset" 757
"../../../Engine/Plugins/Interchange/Assets/Content/gltf/MaterialFunctions/MF_BaseColor.uexp" 758
"../../../Engine/Plugins/Interchange/Assets/Content/gltf/MaterialFunctions/MF_RotateV2.uasset" 759
"../../../Engine/Plugins/Interchange/Assets/Content/gltf/MaterialFunctions/MF_RotateV2.uexp" 760
"../../../Engine/Plugins/Interchange/Assets/Content/gltf/MaterialFunctions/MF_TransformUVs.uasset" 761
"../../../Engine/Plugins/Interchange/Assets/Content/gltf/MaterialFunctions/MF_TransformUVs.uexp" 762
"../../../Engine/Plugins/Interchange/Assets/Content/gltf/MaterialBodies/MF_Unlit_Body.uasset" 763
"../../../Engine/Plugins/Interchange/Assets/Content/gltf/MaterialBodies/MF_Unlit_Body.uexp" 764
"../../../Engine/Plugins/Interchange/Assets/Content/gltf/M_Unlit.uasset" 765
"../../../Engine/Plugins/Interchange/Assets/Content/gltf/M_Unlit.uexp" 766
"../../../Engine/Plugins/Interchange/Assets/Content/gltf/MaterialInstances/MI_Unlit_Opaque_DS.uasset" 767
"../../../Engine/Plugins/Interchange/Assets/Content/gltf/MaterialInstances/MI_Unlit_Opaque_DS.uexp" 768
"../../../Engine/Plugins/Interchange/Assets/Content/gltf/MaterialInstances/MI_Unlit_Opaque.uasset" 769
"../../../Engine/Plugins/Interchange/Assets/Content/gltf/MaterialInstances/MI_Unlit_Opaque.uexp" 770
"../../../Engine/Plugins/Interchange/Assets/Content/gltf/MaterialInstances/MI_Unlit_Mask_DS.uasset" 771
"../../../Engine/Plugins/Interchange/Assets/Content/gltf/MaterialInstances/MI_Unlit_Mask_DS.uexp" 772
"../../../Engine/Plugins/Interchange/Assets/Content/gltf/MaterialInstances/MI_Unlit_Mask.uasset" 773
"../../../Engine/Plugins/Interchange/Assets/Content/gltf/MaterialInstances/MI_Unlit_Mask.uexp" 774
"../../../Engine/Plugins/Interchange/Assets/Content/gltf/MaterialInstances/MI_Unlit_Blend_DS.uasset" 775
"../../../Engine/Plugins/Interchange/Assets/Content/gltf/MaterialInstances/MI_Unlit_Blend_DS.uexp" 776
"../../../Engine/Plugins/Interchange/Assets/Content/gltf/MaterialInstances/MI_Unlit_Blend.uasset" 777
"../../../Engine/Plugins/Interchange/Assets/Content/gltf/MaterialInstances/MI_Unlit_Blend.uexp" 778
"../../../Engine/Content/EngineMaterials/Good64x64TilingNoiseHighFreq.uasset" 779
"../../../Engine/Content/EngineMaterials/Good64x64TilingNoiseHighFreq.uexp" 780
"../../../Engine/Content/Functions/Engine_MaterialFunctions02/Texturing/ScreenAlignedPixelToPixelUVs.uasset" 781
"../../../Engine/Content/Functions/Engine_MaterialFunctions02/Texturing/ScreenAlignedPixelToPixelUVs.uexp" 782
"../../../Engine/Plugins/Interchange/Assets/Content/Utilities/New_LUT.uasset" 783
"../../../Engine/Plugins/Interchange/Assets/Content/Utilities/New_LUT.uexp" 784
"../../../Engine/Content/Functions/Engine_MaterialFunctions03/Math/RemapValueRange.uasset" 785
"../../../Engine/Content/Functions/Engine_MaterialFunctions03/Math/RemapValueRange.uexp" 786
"../../../Engine/Plugins/Interchange/Assets/Content/Functions/MF_Iridescence.uasset" 787
"../../../Engine/Plugins/Interchange/Assets/Content/Functions/MF_Iridescence.uexp" 788
"../../../Engine/Plugins/Interchange/Assets/Content/gltf/MaterialFunctions/MF_Fresnel_DS.uasset" 789
"../../../Engine/Plugins/Interchange/Assets/Content/gltf/MaterialFunctions/MF_Fresnel_DS.uexp" 790
"../../../Engine/Plugins/Interchange/Assets/Content/gltf/MaterialFunctions/MF_IOR.uasset" 791
"../../../Engine/Plugins/Interchange/Assets/Content/gltf/MaterialFunctions/MF_IOR.uexp" 792
"../../../Engine/Plugins/Interchange/Assets/Content/gltf/MaterialFunctions/MF_Iridescence.uasset" 793
"../../../Engine/Plugins/Interchange/Assets/Content/gltf/MaterialFunctions/MF_Iridescence.uexp" 794
"../../../Engine/Plugins/Interchange/Assets/Content/gltf/Textures/T_White_Linear.uasset" 795
"../../../Engine/Plugins/Interchange/Assets/Content/gltf/Textures/T_White_Linear.uexp" 796
"../../../Engine/Plugins/Interchange/Assets/Content/gltf/MaterialFunctions/MF_MetallicRoughness.uasset" 797
"../../../Engine/Plugins/Interchange/Assets/Content/gltf/MaterialFunctions/MF_MetallicRoughness.uexp" 798
"../../../Engine/Plugins/Interchange/Assets/Content/gltf/MaterialFunctions/MF_RotateNormals_TS.uasset" 799
"../../../Engine/Plugins/Interchange/Assets/Content/gltf/MaterialFunctions/MF_RotateNormals_TS.uexp" 800
"../../../Engine/Plugins/Interchange/Assets/Content/gltf/MaterialFunctions/MF_ScaleNormal.uasset" 801
"../../../Engine/Plugins/Interchange/Assets/Content/gltf/MaterialFunctions/MF_ScaleNormal.uexp" 802
"../../../Engine/Plugins/Interchange/Assets/Content/gltf/Textures/T_Generic_N.uasset" 803
"../../../Engine/Plugins/Interchange/Assets/Content/gltf/Textures/T_Generic_N.uexp" 804
"../../../Engine/Plugins/Interchange/Assets/Content/gltf/MaterialFunctions/MF_Normals.uasset" 805
"../../../Engine/Plugins/Interchange/Assets/Content/gltf/MaterialFunctions/MF_Normals.uexp" 806
"../../../Engine/Plugins/Interchange/Assets/Content/gltf/MaterialFunctions/MF_Occlusion.uasset" 807
"../../../Engine/Plugins/Interchange/Assets/Content/gltf/MaterialFunctions/MF_Occlusion.uexp" 808
"../../../Engine/Plugins/Interchange/Assets/Content/gltf/MaterialFunctions/MF_Specular.uasset" 809
"../../../Engine/Plugins/Interchange/Assets/Content/gltf/MaterialFunctions/MF_Specular.uexp" 810
"../../../Engine/Plugins/Interchange/Assets/Content/gltf/Textures/T_Anisotropy_Direction_Linear.uasset" 811
"../../../Engine/Plugins/Interchange/Assets/Content/gltf/Textures/T_Anisotropy_Direction_Linear.uexp" 812
"../../../Engine/Plugins/Interchange/Assets/Content/gltf/MaterialFunctions/MF_SpecularAnisotropy.uasset" 813
"../../../Engine/Plugins/Interchange/Assets/Content/gltf/MaterialFunctions/MF_SpecularAnisotropy.uexp" 814
"../../../Engine/Plugins/Interchange/Assets/Content/gltf/MaterialFunctions/MF_Temporal_Blur.uasset" 815
"../../../Engine/Plugins/Interchange/Assets/Content/gltf/MaterialFunctions/MF_Temporal_Blur.uexp" 816
"../../../Engine/Plugins/Interchange/Assets/Content/gltf/MaterialFunctions/MF_Transmission.uasset" 817
"../../../Engine/Plugins/Interchange/Assets/Content/gltf/MaterialFunctions/MF_Transmission.uexp" 818
"../../../Engine/Plugins/Interchange/Assets/Content/gltf/MaterialBodies/MF_Transmission_Body.uasset" 819
"../../../Engine/Plugins/Interchange/Assets/Content/gltf/MaterialBodies/MF_Transmission_Body.uexp" 820
"../../../Engine/Plugins/Interchange/Assets/Content/gltf/M_Transmission.uasset" 821
"../../../Engine/Plugins/Interchange/Assets/Content/gltf/M_Transmission.uexp" 822
"../../../Engine/Plugins/Interchange/Assets/Content/gltf/MaterialInstances/MI_Transmission_DS.uasset" 823
"../../../Engine/Plugins/Interchange/Assets/Content/gltf/MaterialInstances/MI_Transmission_DS.uexp" 824
"../../../Engine/Plugins/Interchange/Assets/Content/gltf/MaterialInstances/MI_Transmission.uasset" 825
"../../../Engine/Plugins/Interchange/Assets/Content/gltf/MaterialInstances/MI_Transmission.uexp" 826
"../../../Engine/Content/Functions/Engine_MaterialFunctions02/Math/AddComponents.uasset" 827
"../../../Engine/Content/Functions/Engine_MaterialFunctions02/Math/AddComponents.uexp" 828
"../../../Engine/Plugins/Interchange/Assets/Content/gltf/MaterialFunctions/MF_DiffuseSpecGloss.uasset" 829
"../../../Engine/Plugins/Interchange/Assets/Content/gltf/MaterialFunctions/MF_DiffuseSpecGloss.uexp" 830
"../../../Engine/Plugins/Interchange/Assets/Content/gltf/MaterialFunctions/MF_Emissive.uasset" 831
"../../../Engine/Plugins/Interchange/Assets/Content/gltf/MaterialFunctions/MF_Emissive.uexp" 832
"../../../Engine/Plugins/Interchange/Assets/Content/gltf/MaterialFunctions/MF_MaxComponentValue.uasset" 833
"../../../Engine/Plugins/Interchange/Assets/Content/gltf/MaterialFunctions/MF_MaxComponentValue.uexp" 834
"../../../Engine/Plugins/Interchange/Assets/Content/gltf/MaterialFunctions/MF_PerceivedBrightness.uasset" 835
"../../../Engine/Plugins/Interchange/Assets/Content/gltf/MaterialFunctions/MF_PerceivedBrightness.uexp" 836
"../../../Engine/Plugins/Interchange/Assets/Content/gltf/MaterialFunctions/MF_SpecGlossToMetalRoughness.uasset" 837
"../../../Engine/Plugins/Interchange/Assets/Content/gltf/MaterialFunctions/MF_SpecGlossToMetalRoughness.uexp" 838
"../../../Engine/Plugins/Interchange/Assets/Content/gltf/MaterialBodies/MF_SpecularGlossiness_Body.uasset" 839
"../../../Engine/Plugins/Interchange/Assets/Content/gltf/MaterialBodies/MF_SpecularGlossiness_Body.uexp" 840
"../../../Engine/Plugins/Interchange/Assets/Content/gltf/M_SpecularGlossiness.uasset" 841
"../../../Engine/Plugins/Interchange/Assets/Content/gltf/M_SpecularGlossiness.uexp" 842
"../../../Engine/Plugins/Interchange/Assets/Content/gltf/MaterialInstances/MI_SpecularGlossiness_Opaque_DS.uasset" 843
"../../../Engine/Plugins/Interchange/Assets/Content/gltf/MaterialInstances/MI_SpecularGlossiness_Opaque_DS.uexp" 844
"../../../Engine/Plugins/Interchange/Assets/Content/gltf/MaterialInstances/MI_SpecularGlossiness_Opaque.uasset" 845
"../../../Engine/Plugins/Interchange/Assets/Content/gltf/MaterialInstances/MI_SpecularGlossiness_Opaque.uexp" 846
"../../../Engine/Plugins/Interchange/Assets/Content/gltf/MaterialInstances/MI_SpecularGlossiness_Mask_DS.uasset" 847
"../../../Engine/Plugins/Interchange/Assets/Content/gltf/MaterialInstances/MI_SpecularGlossiness_Mask_DS.uexp" 848
"../../../Engine/Plugins/Interchange/Assets/Content/gltf/MaterialInstances/MI_SpecularGlossiness_Mask.uasset" 849
"../../../Engine/Plugins/Interchange/Assets/Content/gltf/MaterialInstances/MI_SpecularGlossiness_Mask.uexp" 850
"../../../Engine/Plugins/Interchange/Assets/Content/gltf/MaterialInstances/MI_SpecularGlossiness_Blend_DS.uasset" 851
"../../../Engine/Plugins/Interchange/Assets/Content/gltf/MaterialInstances/MI_SpecularGlossiness_Blend_DS.uexp" 852
"../../../Engine/Plugins/Interchange/Assets/Content/gltf/MaterialInstances/MI_SpecularGlossiness_Blend.uasset" 853
"../../../Engine/Plugins/Interchange/Assets/Content/gltf/MaterialInstances/MI_SpecularGlossiness_Blend.uexp" 854
"../../../Engine/Plugins/Interchange/Assets/Content/gltf/MaterialFunctions/MF_Sheen.uasset" 855
"../../../Engine/Plugins/Interchange/Assets/Content/gltf/MaterialFunctions/MF_Sheen.uexp" 856
"../../../Engine/Plugins/Interchange/Assets/Content/gltf/MaterialBodies/MF_Sheen_Body.uasset" 857
"../../../Engine/Plugins/Interchange/Assets/Content/gltf/MaterialBodies/MF_Sheen_Body.uexp" 858
"../../../Engine/Plugins/Interchange/Assets/Content/gltf/M_Sheen.uasset" 859
"../../../Engine/Plugins/Interchange/Assets/Content/gltf/M_Sheen.uexp" 860
"../../../Engine/Plugins/Interchange/Assets/Content/gltf/MaterialInstances/MI_Sheen_Opaque_DS.uasset" 861
"../../../Engine/Plugins/Interchange/Assets/Content/gltf/MaterialInstances/MI_Sheen_Opaque_DS.uexp" 862
"../../../Engine/Plugins/Interchange/Assets/Content/gltf/MaterialInstances/MI_Sheen_Opaque.uasset" 863
"../../../Engine/Plugins/Interchange/Assets/Content/gltf/MaterialInstances/MI_Sheen_Opaque.uexp" 864
"../../../Engine/Plugins/Interchange/Assets/Content/gltf/MaterialInstances/MI_Sheen_Mask_DS.uasset" 865
"../../../Engine/Plugins/Interchange/Assets/Content/gltf/MaterialInstances/MI_Sheen_Mask_DS.uexp" 866
"../../../Engine/Plugins/Interchange/Assets/Content/gltf/MaterialInstances/MI_Sheen_Mask.uasset" 867
"../../../Engine/Plugins/Interchange/Assets/Content/gltf/MaterialInstances/MI_Sheen_Mask.uexp" 868
"../../../Engine/Plugins/Interchange/Assets/Content/gltf/MaterialInstances/MI_Sheen_Blend_DS.uasset" 869
"../../../Engine/Plugins/Interchange/Assets/Content/gltf/MaterialInstances/MI_Sheen_Blend_DS.uexp" 870
"../../../Engine/Plugins/Interchange/Assets/Content/gltf/MaterialInstances/MI_Sheen_Blend.uasset" 871
"../../../Engine/Plugins/Interchange/Assets/Content/gltf/MaterialInstances/MI_Sheen_Blend.uexp" 872
"../../../Engine/Plugins/Interchange/Assets/Content/gltf/MaterialBodies/MF_Default_Body.uasset" 873
"../../../Engine/Plugins/Interchange/Assets/Content/gltf/MaterialBodies/MF_Default_Body.uexp" 874
"../../../Engine/Plugins/Interchange/Assets/Content/gltf/M_Default.uasset" 875
"../../../Engine/Plugins/Interchange/Assets/Content/gltf/M_Default.uexp" 876
"../../../Engine/Plugins/Interchange/Assets/Content/gltf/MaterialInstances/MI_Default_Opaque_DS.uasset" 877
"../../../Engine/Plugins/Interchange/Assets/Content/gltf/MaterialInstances/MI_Default_Opaque_DS.uexp" 878
"../../../Engine/Plugins/Interchange/Assets/Content/gltf/MaterialInstances/MI_Default_Opaque.uasset" 879
"../../../Engine/Plugins/Interchange/Assets/Content/gltf/MaterialInstances/MI_Default_Opaque.uexp" 880
"../../../Engine/Plugins/Interchange/Assets/Content/gltf/MaterialInstances/MI_Default_Mask_DS.uasset" 881
"../../../Engine/Plugins/Interchange/Assets/Content/gltf/MaterialInstances/MI_Default_Mask_DS.uexp" 882
"../../../Engine/Plugins/Interchange/Assets/Content/gltf/MaterialInstances/MI_Default_Mask.uasset" 883
"../../../Engine/Plugins/Interchange/Assets/Content/gltf/MaterialInstances/MI_Default_Mask.uexp" 884
"../../../Engine/Plugins/Interchange/Assets/Content/gltf/MaterialInstances/MI_Default_Blend_DS.uasset" 885
"../../../Engine/Plugins/Interchange/Assets/Content/gltf/MaterialInstances/MI_Default_Blend_DS.uexp" 886
"../../../Engine/Plugins/Interchange/Assets/Content/gltf/MaterialInstances/MI_Default_Blend.uasset" 887
"../../../Engine/Plugins/Interchange/Assets/Content/gltf/MaterialInstances/MI_Default_Blend.uexp" 888
"../../../Engine/Content/Functions/Engine_MaterialFunctions01/Texturing/FlattenNormal.uasset" 889
"../../../Engine/Content/Functions/Engine_MaterialFunctions01/Texturing/FlattenNormal.uexp" 890
"../../../Engine/Plugins/Interchange/Assets/Content/gltf/MaterialFunctions/MF_Clearcoat.uasset" 891
"../../../Engine/Plugins/Interchange/Assets/Content/gltf/MaterialFunctions/MF_Clearcoat.uexp" 892
"../../../Engine/Plugins/Interchange/Assets/Content/gltf/MaterialBodies/MF_ClearCoat_Body.uasset" 893
"../../../Engine/Plugins/Interchange/Assets/Content/gltf/MaterialBodies/MF_ClearCoat_Body.uexp" 894
"../../../Engine/Plugins/Interchange/Assets/Content/gltf/M_ClearCoat.uasset" 895
"../../../Engine/Plugins/Interchange/Assets/Content/gltf/M_ClearCoat.uexp" 896
"../../../Engine/Plugins/Interchange/Assets/Content/gltf/MaterialInstances/MI_ClearCoat_Opaque_DS.uasset" 897
"../../../Engine/Plugins/Interchange/Assets/Content/gltf/MaterialInstances/MI_ClearCoat_Opaque_DS.uexp" 898
"../../../Engine/Plugins/Interchange/Assets/Content/gltf/MaterialInstances/MI_ClearCoat_Opaque.uasset" 899
"../../../Engine/Plugins/Interchange/Assets/Content/gltf/MaterialInstances/MI_ClearCoat_Opaque.uexp" 900
"../../../Engine/Plugins/Interchange/Assets/Content/gltf/MaterialInstances/MI_ClearCoat_Mask_DS.uasset" 901
"../../../Engine/Plugins/Interchange/Assets/Content/gltf/MaterialInstances/MI_ClearCoat_Mask_DS.uexp" 902
"../../../Engine/Plugins/Interchange/Assets/Content/gltf/MaterialInstances/MI_ClearCoat_Mask.uasset" 903
"../../../Engine/Plugins/Interchange/Assets/Content/gltf/MaterialInstances/MI_ClearCoat_Mask.uexp" 904
"../../../Engine/Plugins/Interchange/Assets/Content/gltf/MaterialInstances/MI_ClearCoat_Blend_DS.uasset" 905
"../../../Engine/Plugins/Interchange/Assets/Content/gltf/MaterialInstances/MI_ClearCoat_Blend_DS.uexp" 906
"../../../Engine/Plugins/Interchange/Assets/Content/gltf/MaterialInstances/MI_ClearCoat_Blend.uasset" 907
"../../../Engine/Plugins/Interchange/Assets/Content/gltf/MaterialInstances/MI_ClearCoat_Blend.uexp" 908
"../../../Engine/Content/EngineMaterials/Substrate/Volume/SubstrateSimpleVolumeLUT3D.uasset" 909
"../../../Engine/Content/EngineMaterials/Substrate/Volume/SubstrateSimpleVolumeLUT3D.uexp" 910
"../../../Engine/Content/EngineMaterials/Substrate/Volume/SubstrateSimpleVolumeEnvLUT3D.uasset" 911
"../../../Engine/Content/EngineMaterials/Substrate/Volume/SubstrateSimpleVolumeEnvLUT3D.uexp" 912
"../../../Engine/Plugins/NNE/NNEDenoiser/Content/NNED_Oidn2-3_HighQuality_Alpha.uasset" 913
"../../../Engine/Plugins/NNE/NNEDenoiser/Content/NNED_Oidn2-3_HighQuality_Alpha.uexp" 914
"../../../Engine/Plugins/NNE/NNEDenoiser/Content/NNED_Oidn2-3_HighQuality.uasset" 915
"../../../Engine/Plugins/NNE/NNEDenoiser/Content/NNED_Oidn2-3_HighQuality.uexp" 916
"../../../Engine/Plugins/NNE/NNEDenoiser/Content/NNED_Oidn2-3_Fast_Alpha.uasset" 917
"../../../Engine/Plugins/NNE/NNEDenoiser/Content/NNED_Oidn2-3_Fast_Alpha.uexp" 918
"../../../Engine/Plugins/NNE/NNEDenoiser/Content/NNED_Oidn2-3_Fast.uasset" 919
"../../../Engine/Plugins/NNE/NNEDenoiser/Content/NNED_Oidn2-3_Fast.uexp" 920
"../../../Engine/Plugins/NNE/NNEDenoiser/Content/NNED_Oidn2-3_Balanced_Alpha.uasset" 921
"../../../Engine/Plugins/NNE/NNEDenoiser/Content/NNED_Oidn2-3_Balanced_Alpha.uexp" 922
"../../../Engine/Plugins/NNE/NNEDenoiser/Content/NNED_Oidn2-3_Balanced.uasset" 923
"../../../Engine/Plugins/NNE/NNEDenoiser/Content/NNED_Oidn2-3_Balanced.uexp" 924
"../../../Engine/Plugins/NNE/NNEDenoiser/Content/NNEDT_Oidn2-3_Balanced_Alpha.uasset" 925
"../../../Engine/Plugins/NNE/NNEDenoiser/Content/NNEDT_Oidn2-3_Balanced_Alpha.uexp" 926
"../../../Engine/Plugins/NNE/NNEDenoiser/Content/NNEDT_Oidn2-3_Balanced.uasset" 927
"../../../Engine/Plugins/NNE/NNEDenoiser/Content/NNEDT_Oidn2-3_Balanced.uexp" 928
"../../../Engine/Plugins/Animation/DeformerGraph/Content/DeformerFunctions/DG_Function_LinearBlendSkin_Morph_Cloth_PositionOnly.uasset" 929
"../../../Engine/Plugins/Animation/DeformerGraph/Content/DeformerFunctions/DG_Function_LinearBlendSkin_Morph_Cloth_PositionOnly.uexp" 930
"../../../Engine/Plugins/Animation/DeformerGraph/Content/DeformerFunctions/DG_Function_ComputeNormalsTangents.uasset" 931
"../../../Engine/Plugins/Animation/DeformerGraph/Content/DeformerFunctions/DG_Function_ComputeNormalsTangents.uexp" 932
"../../../Engine/Plugins/Animation/DeformerGraph/Content/Deformers/DG_LinearBlendSkin_Morph_Cloth_RecomputeNormals.uasset" 933
"../../../Engine/Plugins/Animation/DeformerGraph/Content/Deformers/DG_LinearBlendSkin_Morph_Cloth_RecomputeNormals.uexp" 934
"../../../Engine/Plugins/Animation/DeformerGraph/Content/DeformerFunctions/DG_Function_LinearBlendSkin_Morph_Cloth.uasset" 935
"../../../Engine/Plugins/Animation/DeformerGraph/Content/DeformerFunctions/DG_Function_LinearBlendSkin_Morph_Cloth.uexp" 936
"../../../Engine/Plugins/Animation/DeformerGraph/Content/Deformers/DG_LinearBlendSkin_Morph_Cloth.uasset" 937
"../../../Engine/Plugins/Animation/DeformerGraph/Content/Deformers/DG_LinearBlendSkin_Morph_Cloth.uexp" 938
"../../../Engine/Content/Maps/Entry_BuiltData.uasset" 939
"../../../Engine/Content/Maps/Entry_BuiltData.uexp" 940
"../../../Engine/Content/Maps/Entry.uexp" 941
"../../../Engine/Content/Maps/Entry.umap" 942
"../../../Engine/Content/BasicShapes/Cube.ubulk" 943
"../../../Engine/Content/BasicShapes/Cube.uasset" 944
"../../../Engine/Content/BasicShapes/Cube.uexp" 945
"../../../Engine/Content/BasicShapes/BasicShapeMaterial.uasset" 946
"../../../Engine/Content/BasicShapes/BasicShapeMaterial.uexp" 947
"../../../Engine/Content/EngineSky/T_Sky_Stars.ubulk" 948
"../../../Engine/Content/EngineSky/T_Sky_Stars.uasset" 949
"../../../Engine/Content/EngineSky/T_Sky_Stars.uexp" 950
"../../../Engine/Content/EngineSky/T_Sky_Clouds_M.ubulk" 951
"../../../Engine/Content/EngineSky/T_Sky_Clouds_M.uasset" 952
"../../../Engine/Content/EngineSky/T_Sky_Clouds_M.uexp" 953
"../../../Engine/Content/EngineSky/T_Sky_Blue.ubulk" 954
"../../../Engine/Content/EngineSky/T_Sky_Blue.uasset" 955
"../../../Engine/Content/EngineSky/T_Sky_Blue.uexp" 956
"../../../Engine/Content/EngineSky/M_Sky_Panning_Clouds2.uasset" 957
"../../../Engine/Content/EngineSky/M_Sky_Panning_Clouds2.uexp" 958
"../../../Engine/Content/EngineSky/SM_SkySphere.ubulk" 959
"../../../Engine/Content/EngineSky/SM_SkySphere.uasset" 960
"../../../Engine/Content/EngineSky/SM_SkySphere.uexp" 961
"../../../Engine/Content/EngineSky/M_SimpleSkyDome.uasset" 962
"../../../Engine/Content/EngineSky/M_SimpleSkyDome.uexp" 963
"E:/UnrealProjects/FleshSim/Content/Fonts/Inter-VariableFont_opsz_wght.uexp" 964
"E:/UnrealProjects/FleshSim/Content/Fonts/Inter-VariableFont_opsz_wght.uasset" 965
"E:/UnrealProjects/FleshSim/Content/Fonts/Inter-VariableFont_opsz_wght.ufont" 966
"E:/UnrealProjects/FleshSim/Content/Fonts/Inter-VariableFont_opsz_wght_Font.uasset" 967
"E:/UnrealProjects/FleshSim/Content/Fonts/Inter-VariableFont_opsz_wght_Font.uexp" 968
"../../../Engine/Content/BasicShapes/Cylinder.ubulk" 969
"../../../Engine/Content/BasicShapes/Cylinder.uasset" 970
"../../../Engine/Content/BasicShapes/Cylinder.uexp" 971
"E:/UnrealProjects/FleshSim/Content/BP/MyglTFRuntimeAssetActor.uasset" 972
"E:/UnrealProjects/FleshSim/Content/BP/MyglTFRuntimeAssetActor.uexp" 973
"E:/UnrealProjects/FleshSim/Content/BP/BP_RiggidBody.uasset" 974
"E:/UnrealProjects/FleshSim/Content/BP/BP_RiggidBody.uexp" 975
"E:/UnrealProjects/FleshSim/Content/BP/BP_SoftBody.uasset" 976
"E:/UnrealProjects/FleshSim/Content/BP/BP_SoftBody.uexp" 977
"E:/UnrealProjects/FleshSim/Content/Widgets/MS_ST_SimFlesh.uasset" 978
"E:/UnrealProjects/FleshSim/Content/Widgets/MS_ST_SimFlesh.uexp" 979
"E:/UnrealProjects/FleshSim/Content/Widgets/UnitsMetrs.uasset" 980
"E:/UnrealProjects/FleshSim/Content/Widgets/UnitsMetrs.uexp" 981
"E:/UnrealProjects/FleshSim/Content/Widgets/UnitsKTime.uasset" 982
"E:/UnrealProjects/FleshSim/Content/Widgets/UnitsKTime.uexp" 983
"E:/UnrealProjects/FleshSim/Content/Widgets/UnitsKG.uasset" 984
"E:/UnrealProjects/FleshSim/Content/Widgets/UnitsKG.uexp" 985
"E:/UnrealProjects/FleshSim/Content/Widgets/W_Base.uasset" 986
"E:/UnrealProjects/FleshSim/Content/Widgets/W_Base.uexp" 987
"E:/UnrealProjects/FleshSim/Content/Widgets/W_Button.uasset" 988
"E:/UnrealProjects/FleshSim/Content/Widgets/W_Button.uexp" 989
"../../../Engine/Content/EngineFonts/Faces/RobotoBold.uexp" 990
"../../../Engine/Content/EngineFonts/Faces/RobotoBold.uasset" 991
"../../../Engine/Content/EngineFonts/Faces/RobotoBold.ufont" 992
"../../../Engine/Content/EngineFonts/Faces/RobotoBoldItalic.uexp" 993
"../../../Engine/Content/EngineFonts/Faces/RobotoBoldItalic.uasset" 994
"../../../Engine/Content/EngineFonts/Faces/RobotoBoldItalic.ufont" 995
"../../../Engine/Content/EngineFonts/Faces/RobotoItalic.uexp" 996
"../../../Engine/Content/EngineFonts/Faces/RobotoItalic.uasset" 997
"../../../Engine/Content/EngineFonts/Faces/RobotoItalic.ufont" 998
"../../../Engine/Content/EngineFonts/Faces/RobotoLight.uexp" 999
"../../../Engine/Content/EngineFonts/Faces/RobotoLight.uasset" 1000
"../../../Engine/Content/EngineFonts/Faces/RobotoLight.ufont" 1001
"../../../Engine/Content/EngineFonts/Faces/RobotoRegular.uexp" 1002
"../../../Engine/Content/EngineFonts/Faces/RobotoRegular.uasset" 1003
"../../../Engine/Content/EngineFonts/Faces/RobotoRegular.ufont" 1004
"../../../Engine/Content/EngineFonts/Roboto.uasset" 1005
"../../../Engine/Content/EngineFonts/Roboto.uexp" 1006
"E:/UnrealProjects/FleshSim/Content/Widgets/W_Units.uasset" 1007
"E:/UnrealProjects/FleshSim/Content/Widgets/W_Units.uexp" 1008
"E:/UnrealProjects/FleshSim/Content/Widgets/W_UnitsDetails.uasset" 1009
"E:/UnrealProjects/FleshSim/Content/Widgets/W_UnitsDetails.uexp" 1010
"E:/UnrealProjects/FleshSim/Content/Widgets/W_TextInput.uasset" 1011
"E:/UnrealProjects/FleshSim/Content/Widgets/W_TextInput.uexp" 1012
"E:/UnrealProjects/FleshSim/Content/Texture/pngwing_com323__1_.uasset" 1013
"E:/UnrealProjects/FleshSim/Content/Texture/pngwing_com323__1_.uexp" 1014
"E:/UnrealProjects/FleshSim/Content/Texture/free-folder-icon-1485-thumb.ubulk" 1015
"E:/UnrealProjects/FleshSim/Content/Texture/free-folder-icon-1485-thumb.uasset" 1016
"E:/UnrealProjects/FleshSim/Content/Texture/free-folder-icon-1485-thumb.uexp" 1017
"E:/UnrealProjects/FleshSim/Content/Widgets/W_InputWindow1.uasset" 1018
"E:/UnrealProjects/FleshSim/Content/Widgets/W_InputWindow1.uexp" 1019
"E:/UnrealProjects/FleshSim/Content/Widgets/W_InputWindow.uasset" 1020
"E:/UnrealProjects/FleshSim/Content/Widgets/W_InputWindow.uexp" 1021
"E:/UnrealProjects/FleshSim/Content/Widgets/W_SoftBody.uasset" 1022
"E:/UnrealProjects/FleshSim/Content/Widgets/W_SoftBody.uexp" 1023
"E:/UnrealProjects/FleshSim/Content/Widgets/W_RiggidBody.uasset" 1024
"E:/UnrealProjects/FleshSim/Content/Widgets/W_RiggidBody.uexp" 1025
"E:/UnrealProjects/FleshSim/Content/Widgets/W_PhysicSettings.uasset" 1026
"E:/UnrealProjects/FleshSim/Content/Widgets/W_PhysicSettings.uexp" 1027
"E:/UnrealProjects/FleshSim/Content/Widgets/W_CheckBox.uasset" 1028
"E:/UnrealProjects/FleshSim/Content/Widgets/W_CheckBox.uexp" 1029
"E:/UnrealProjects/FleshSim/Content/Widgets/W_Button_RB.uasset" 1030
"E:/UnrealProjects/FleshSim/Content/Widgets/W_Button_RB.uexp" 1031
"E:/UnrealProjects/FleshSim/Content/Widgets/W_Connectors.uasset" 1032
"E:/UnrealProjects/FleshSim/Content/Widgets/W_Connectors.uexp" 1033
"E:/UnrealProjects/FleshSim/Content/Widgets/W_Button_SoftBody.uasset" 1034
"E:/UnrealProjects/FleshSim/Content/Widgets/W_Button_SoftBody.uexp" 1035
"E:/UnrealProjects/FleshSim/Content/Widgets/W_MainMenu.uasset" 1036
"E:/UnrealProjects/FleshSim/Content/Widgets/W_MainMenu.uexp" 1037
"E:/UnrealProjects/FleshSim/Content/BP/BP_Director.uasset" 1038
"E:/UnrealProjects/FleshSim/Content/BP/BP_Director.uexp" 1039
"../../../Engine/Content/MapTemplates/SM_Template_Map_Floor.ubulk" 1040
"../../../Engine/Content/MapTemplates/SM_Template_Map_Floor.uasset" 1041
"../../../Engine/Content/MapTemplates/SM_Template_Map_Floor.uexp" 1042
"E:/UnrealProjects/FleshSim/Content/ArchVizExplorer/Blueprints/Curves/Zoom_InterpSpeedCurve.uasset" 1043
"E:/UnrealProjects/FleshSim/Content/ArchVizExplorer/Blueprints/Curves/Zoom_InterpSpeedCurve.uexp" 1044
"E:/UnrealProjects/FleshSim/Content/ArchVizExplorer/Blueprints/Curves/Zoom_Intensity_Curve.uasset" 1045
"E:/UnrealProjects/FleshSim/Content/ArchVizExplorer/Blueprints/Curves/Zoom_Intensity_Curve.uexp" 1046
"E:/UnrealProjects/FleshSim/Content/ArchVizExplorer/Blueprints/BP_Explorer_Pawn.uasset" 1047
"E:/UnrealProjects/FleshSim/Content/ArchVizExplorer/Blueprints/BP_Explorer_Pawn.uexp" 1048
"E:/UnrealProjects/FleshSim/Content/ArchVizExplorer/Blueprints/BP_Explorer_PlayerController.uasset" 1049
"E:/UnrealProjects/FleshSim/Content/ArchVizExplorer/Blueprints/BP_Explorer_PlayerController.uexp" 1050
"E:/UnrealProjects/FleshSim/Content/ArchVizExplorer/Blueprints/BP_Explorer_GameMode.uasset" 1051
"E:/UnrealProjects/FleshSim/Content/ArchVizExplorer/Blueprints/BP_Explorer_GameMode.uexp" 1052
"../../../Engine/Content/EngineSky/VolumetricClouds/VT_PerlinWorley_Balanced.uasset" 1053
"../../../Engine/Content/EngineSky/VolumetricClouds/VT_PerlinWorley_Balanced.uexp" 1054
"../../../Engine/Content/EngineSky/VolumetricClouds/T_Profile_08.ubulk" 1055
"../../../Engine/Content/EngineSky/VolumetricClouds/T_Profile_08.uasset" 1056
"../../../Engine/Content/EngineSky/VolumetricClouds/T_Profile_08.uexp" 1057
"../../../Engine/Content/EngineSky/VolumetricClouds/T_CloudPattern.ubulk" 1058
"../../../Engine/Content/EngineSky/VolumetricClouds/T_CloudPattern.uasset" 1059
"../../../Engine/Content/EngineSky/VolumetricClouds/T_CloudPattern.uexp" 1060
"../../../Engine/Content/EngineSky/VolumetricClouds/T_CloudMask.ubulk" 1061
"../../../Engine/Content/EngineSky/VolumetricClouds/T_CloudMask.uasset" 1062
"../../../Engine/Content/EngineSky/VolumetricClouds/T_CloudMask.uexp" 1063
"../../../Engine/Content/Functions/Engine_MaterialFunctions02/Utility/BreakOutFloat4Components.uasset" 1064
"../../../Engine/Content/Functions/Engine_MaterialFunctions02/Utility/BreakOutFloat4Components.uexp" 1065
"../../../Engine/Content/Functions/Engine_MaterialFunctions02/Utility/MakeFloat4.uasset" 1066
"../../../Engine/Content/Functions/Engine_MaterialFunctions02/Utility/MakeFloat4.uexp" 1067
"../../../Engine/Content/EngineResources/DefaultVolumeTexture2D.uasset" 1068
"../../../Engine/Content/EngineResources/DefaultVolumeTexture2D.uexp" 1069
"../../../Engine/Content/EngineResources/DefaultVolumeTexture.uasset" 1070
"../../../Engine/Content/EngineResources/DefaultVolumeTexture.uexp" 1071
"../../../Engine/Content/EngineSky/VolumetricClouds/VT_Lightning.uasset" 1072
"../../../Engine/Content/EngineSky/VolumetricClouds/VT_Lightning.uexp" 1073
"../../../Engine/Content/Functions/Engine_MaterialFunctions01/Units/Km-to-Cm.uasset" 1074
"../../../Engine/Content/Functions/Engine_MaterialFunctions01/Units/Km-to-Cm.uexp" 1075
"../../../Engine/Content/EngineSky/VolumetricClouds/m_SimpleVolumetricCloud.uasset" 1076
"../../../Engine/Content/EngineSky/VolumetricClouds/m_SimpleVolumetricCloud.uexp" 1077
"../../../Engine/Content/EngineSky/VolumetricClouds/m_SimpleVolumetricCloud_Inst.uasset" 1078
"../../../Engine/Content/EngineSky/VolumetricClouds/m_SimpleVolumetricCloud_Inst.uexp" 1079
"../../../Engine/Content/EngineMaterials/BlendFunc_DefBlend.uasset" 1080
"../../../Engine/Content/EngineMaterials/BlendFunc_DefBlend.uexp" 1081
"../../../Engine/Content/EngineMaterials/BlendFunc_DefBase.uasset" 1082
"../../../Engine/Content/EngineMaterials/BlendFunc_DefBase.uexp" 1083
"../../../Engine/Content/Functions/Engine_MaterialFunctions03/Blends/Blend_Overlay.uasset" 1084
"../../../Engine/Content/Functions/Engine_MaterialFunctions03/Blends/Blend_Overlay.uexp" 1085
"../../../Engine/Content/Functions/Engine_MaterialFunctions01/Gradient/LinearGradient.uasset" 1086
"../../../Engine/Content/Functions/Engine_MaterialFunctions01/Gradient/LinearGradient.uexp" 1087
"../../../Engine/Content/Functions/Engine_MaterialFunctions01/ImageAdjustment/CheapContrast.uasset" 1088
"../../../Engine/Content/Functions/Engine_MaterialFunctions01/ImageAdjustment/CheapContrast.uexp" 1089
"../../../Engine/Content/OpenWorldTemplate/LandscapeMaterial/T_GridChecker_A.ubulk" 1090
"../../../Engine/Content/OpenWorldTemplate/LandscapeMaterial/T_GridChecker_A.uasset" 1091
"../../../Engine/Content/OpenWorldTemplate/LandscapeMaterial/T_GridChecker_A.uexp" 1092
"../../../Engine/Content/OpenWorldTemplate/LandscapeMaterial/MF_ProcGrid.uasset" 1093
"../../../Engine/Content/OpenWorldTemplate/LandscapeMaterial/MF_ProcGrid.uexp" 1094
"../../../Engine/Content/OpenWorldTemplate/LandscapeMaterial/M_ProcGrid.uasset" 1095
"../../../Engine/Content/OpenWorldTemplate/LandscapeMaterial/M_ProcGrid.uexp" 1096
"../../../Engine/Content/OpenWorldTemplate/LandscapeMaterial/MI_ProcGrid.uasset" 1097
"../../../Engine/Content/OpenWorldTemplate/LandscapeMaterial/MI_ProcGrid.uexp" 1098
"E:/UnrealProjects/FleshSim/Content/Maps/L_Base.uexp" 1099
"E:/UnrealProjects/FleshSim/Content/Maps/L_Base.umap" 1100
